六月 01, 2012 8:34:58 上午 org.apache.catalina.core.AprLifecycleListener init
信息: The APR based Apache Tomcat Native library which allows optimal performance in production environments was not found on the java.library.path: D:\Program Files\Java\jdk1.7.0_03\jre\bin;C:\Windows\Sun\Java\bin;C:\Windows\system32;C:\Windows;C:\Program Files\Common Files\Microsoft Shared\Windows Live;C:\Program Files\Common Files\NetSarang;C:\Windows\system32;C:\Windows;C:\Windows\System32\Wbem;%JAVA_HOME%\bin;C:\Program Files\Common Files\Thunder Network\KanKan\Codecs;D:\apache-ant-1.7.1\bin;C:\Windows\System32\WindowsPowerShell\v1.0\;C:\Program Files\Calibre2\;D:\Program Files\TortoiseSVN\bin;D:\Program Files\QuickTime\QTSystem\;D:\strawberry\c\bin;D:\strawberry\perl\site\bin;D:\strawberry\perl\bin;d:\jruby-1.6.7\bin;d:\Program Files\jprofiler6\bin\windows;d:\Program Files\SSH Communications Security\SSH Secure Shell;D:\android-sdk-windows\tools;D:\Python27;D:\strawberry\perl\bin;d:\Program Files\Nmap;D:\Ruby192\bin;.
六月 01, 2012 8:34:58 上午 org.apache.coyote.http11.Http11Protocol init
信息: Initializing Coyote HTTP/1.1 on http-58080
六月 01, 2012 8:34:58 上午 org.apache.catalina.startup.Catalina load
信息: Initialization processed in 1398 ms
六月 01, 2012 8:34:58 上午 org.apache.catalina.realm.JAASRealm setContainer
信息: Set JAAS app name Catalina
六月 01, 2012 8:34:58 上午 org.apache.catalina.core.StandardService start
信息: Starting service Catalina
六月 01, 2012 8:34:58 上午 org.apache.catalina.core.StandardEngine start
信息: Starting Servlet Engine: Apache Tomcat/6.0.16
六月 01, 2012 8:35:10 上午 org.apache.coyote.http11.Http11Protocol start
信息: Starting Coyote HTTP/1.1 on http-58080
六月 01, 2012 8:35:10 上午 org.apache.jk.common.ChannelSocket init
信息: JK: ajp13 listening on /0.0.0.0:58009
六月 01, 2012 8:35:10 上午 org.apache.jk.server.JkMain start
信息: Jk running ID=0 time=0/96  config=null
六月 01, 2012 8:35:10 上午 org.apache.catalina.startup.Catalina start
信息: Server startup in 11805 ms
六月 01, 2012 3:32:42 下午 org.apache.catalina.core.StandardServer await
警告: StandardServer.await: Invalid command 'GET /serv1/index.html HTTP/1.1' received
六月 01, 2012 3:32:49 下午 org.apache.catalina.core.StandardServer await
警告: StandardServer.await: Invalid command 'GET / HTTP/1.1' received
六月 01, 2012 3:32:56 下午 org.apache.catalina.core.StandardServer await
警告: StandardServer.await: Invalid command 'GET /gt_demo HTTP/1.1' received
六月 01, 2012 3:33:06 下午 org.apache.catalina.core.StandardServer await
警告: StandardServer.await: read: 
java.net.SocketTimeoutException: Read timed out
	at java.net.SocketInputStream.socketRead0(Native Method)
	at java.net.SocketInputStream.read(SocketInputStream.java:150)
	at java.net.SocketInputStream.read(SocketInputStream.java:121)
	at java.net.SocketInputStream.read(SocketInputStream.java:203)
	at org.apache.catalina.core.StandardServer.await(StandardServer.java:412)
	at org.apache.catalina.startup.Catalina.await(Catalina.java:642)
	at org.apache.catalina.startup.Catalina.start(Catalina.java:602)
	at sun.reflect.NativeMethodAccessorImpl.invoke0(Native Method)
	at sun.reflect.NativeMethodAccessorImpl.invoke(NativeMethodAccessorImpl.java:57)
	at sun.reflect.DelegatingMethodAccessorImpl.invoke(DelegatingMethodAccessorImpl.java:43)
	at java.lang.reflect.Method.invoke(Method.java:601)
	at org.apache.catalina.startup.Bootstrap.start(Bootstrap.java:288)
	at org.apache.catalina.startup.Bootstrap.main(Bootstrap.java:413)

六月 01, 2012 3:33:06 下午 org.apache.catalina.core.StandardServer await
警告: StandardServer.await: Invalid command '' received
六月 01, 2012 3:37:04 下午 ClientCommunicatorAdmin restart
警告: Failed to restart: java.io.IOException: Failed to get a RMI stub: javax.naming.ServiceUnavailableException [Root exception is java.rmi.ConnectException: Connection refused to host: 192.168.29.252; nested exception is: 
	java.net.ConnectException: Connection refused: connect]
六月 01, 2012 3:37:05 下午 RMIConnector RMIClientCommunicatorAdmin-doStop
警告: Failed to call the method close():java.rmi.ConnectException: Connection refused to host: 192.168.29.252; nested exception is: 
	java.net.ConnectException: Connection refused: connect
六月 01, 2012 3:37:05 下午 ClientCommunicatorAdmin Checker-run
警告: Failed to check connection: java.net.ConnectException: Connection refused: connect
六月 01, 2012 3:37:05 下午 ClientCommunicatorAdmin Checker-run
警告: stopping
六月 01, 2012 4:03:55 下午 org.apache.catalina.startup.Catalina stopServer
严重: Catalina.stop: 
java.net.ConnectException: Connection refused: connect
	at java.net.DualStackPlainSocketImpl.connect0(Native Method)
	at java.net.DualStackPlainSocketImpl.socketConnect(DualStackPlainSocketImpl.java:69)
	at java.net.AbstractPlainSocketImpl.doConnect(AbstractPlainSocketImpl.java:339)
	at java.net.AbstractPlainSocketImpl.connectToAddress(AbstractPlainSocketImpl.java:200)
	at java.net.AbstractPlainSocketImpl.connect(AbstractPlainSocketImpl.java:182)
	at java.net.PlainSocketImpl.connect(PlainSocketImpl.java:157)
	at java.net.SocksSocketImpl.connect(SocksSocketImpl.java:391)
	at java.net.Socket.connect(Socket.java:579)
	at java.net.Socket.connect(Socket.java:528)
	at java.net.Socket.<init>(Socket.java:425)
	at java.net.Socket.<init>(Socket.java:208)
	at org.apache.catalina.startup.Catalina.stopServer(Catalina.java:421)
	at sun.reflect.NativeMethodAccessorImpl.invoke0(Native Method)
	at sun.reflect.NativeMethodAccessorImpl.invoke(NativeMethodAccessorImpl.java:57)
	at sun.reflect.DelegatingMethodAccessorImpl.invoke(DelegatingMethodAccessorImpl.java:43)
	at java.lang.reflect.Method.invoke(Method.java:601)
	at org.apache.catalina.startup.Bootstrap.stopServer(Bootstrap.java:337)
	at org.apache.catalina.startup.Bootstrap.main(Bootstrap.java:415)

六月 01, 2012 4:04:04 下午 org.apache.catalina.core.AprLifecycleListener init
信息: The APR based Apache Tomcat Native library which allows optimal performance in production environments was not found on the java.library.path: D:\Program Files\Java\jdk1.7.0_03\jre\bin;C:\Windows\Sun\Java\bin;C:\Windows\system32;C:\Windows;C:\Program Files\Common Files\Microsoft Shared\Windows Live;C:\Program Files\Common Files\NetSarang;C:\Windows\system32;C:\Windows;C:\Windows\System32\Wbem;%JAVA_HOME%\bin;C:\Program Files\Common Files\Thunder Network\KanKan\Codecs;D:\apache-ant-1.7.1\bin;C:\Windows\System32\WindowsPowerShell\v1.0\;C:\Program Files\Calibre2\;D:\Program Files\TortoiseSVN\bin;D:\strawberry\c\bin;D:\strawberry\perl\site\bin;D:\strawberry\perl\bin;d:\jruby-1.6.7\bin;d:\Program Files\jprofiler6\bin\windows;d:\Program Files\SSH Communications Security\SSH Secure Shell;D:\android-sdk-windows\tools;D:\Python27;D:\strawberry\perl\bin;d:\Program Files\Nmap;D:\Ruby192\bin;.
六月 01, 2012 4:04:04 下午 org.apache.coyote.http11.Http11Protocol init
信息: Initializing Coyote HTTP/1.1 on http-58080
六月 01, 2012 4:04:04 下午 org.apache.catalina.startup.Catalina load
信息: Initialization processed in 1432 ms
六月 01, 2012 4:04:04 下午 org.apache.catalina.realm.JAASRealm setContainer
信息: Set JAAS app name Catalina
六月 01, 2012 4:04:05 下午 org.apache.catalina.core.StandardService start
信息: Starting service Catalina
六月 01, 2012 4:04:05 下午 org.apache.catalina.core.StandardEngine start
信息: Starting Servlet Engine: Apache Tomcat/6.0.16
六月 01, 2012 4:04:10 下午 org.apache.coyote.http11.Http11Protocol start
信息: Starting Coyote HTTP/1.1 on http-58080
六月 01, 2012 4:04:11 下午 org.apache.jk.common.ChannelSocket init
信息: JK: ajp13 listening on /0.0.0.0:58009
六月 01, 2012 4:04:11 下午 org.apache.jk.server.JkMain start
信息: Jk running ID=0 time=0/76  config=null
六月 01, 2012 4:04:11 下午 org.apache.catalina.startup.Catalina start
信息: Server startup in 6320 ms
六月 01, 2012 6:25:15 下午 org.apache.catalina.startup.Catalina stopServer
严重: Catalina.stop: 
java.net.ConnectException: Connection refused: connect
	at java.net.DualStackPlainSocketImpl.connect0(Native Method)
	at java.net.DualStackPlainSocketImpl.socketConnect(DualStackPlainSocketImpl.java:69)
	at java.net.AbstractPlainSocketImpl.doConnect(AbstractPlainSocketImpl.java:339)
	at java.net.AbstractPlainSocketImpl.connectToAddress(AbstractPlainSocketImpl.java:200)
	at java.net.AbstractPlainSocketImpl.connect(AbstractPlainSocketImpl.java:182)
	at java.net.PlainSocketImpl.connect(PlainSocketImpl.java:157)
	at java.net.SocksSocketImpl.connect(SocksSocketImpl.java:391)
	at java.net.Socket.connect(Socket.java:579)
	at java.net.Socket.connect(Socket.java:528)
	at java.net.Socket.<init>(Socket.java:425)
	at java.net.Socket.<init>(Socket.java:208)
	at org.apache.catalina.startup.Catalina.stopServer(Catalina.java:421)
	at sun.reflect.NativeMethodAccessorImpl.invoke0(Native Method)
	at sun.reflect.NativeMethodAccessorImpl.invoke(NativeMethodAccessorImpl.java:57)
	at sun.reflect.DelegatingMethodAccessorImpl.invoke(DelegatingMethodAccessorImpl.java:43)
	at java.lang.reflect.Method.invoke(Method.java:601)
	at org.apache.catalina.startup.Bootstrap.stopServer(Bootstrap.java:337)
	at org.apache.catalina.startup.Bootstrap.main(Bootstrap.java:415)

六月 01, 2012 6:39:57 下午 org.apache.catalina.core.AprLifecycleListener init
信息: The APR based Apache Tomcat Native library which allows optimal performance in production environments was not found on the java.library.path: D:\Program Files\Java\jdk1.7.0_03\jre\bin;C:\Windows\Sun\Java\bin;C:\Windows\system32;C:\Windows;C:\Program Files\Common Files\Microsoft Shared\Windows Live;C:\Program Files\Common Files\NetSarang;C:\Windows\system32;C:\Windows;C:\Windows\System32\Wbem;%JAVA_HOME%\bin;C:\Program Files\Common Files\Thunder Network\KanKan\Codecs;D:\apache-ant-1.7.1\bin;C:\Windows\System32\WindowsPowerShell\v1.0\;C:\Program Files\Calibre2\;D:\Program Files\TortoiseSVN\bin;D:\strawberry\c\bin;D:\strawberry\perl\site\bin;D:\strawberry\perl\bin;d:\jruby-1.6.7\bin;d:\Program Files\jprofiler6\bin\windows;d:\Program Files\SSH Communications Security\SSH Secure Shell;D:\android-sdk-windows\tools;D:\Python27;D:\strawberry\perl\bin;d:\Program Files\Nmap;D:\Ruby192\bin;.
六月 01, 2012 6:39:57 下午 org.apache.coyote.http11.Http11Protocol init
信息: Initializing Coyote HTTP/1.1 on http-58080
六月 01, 2012 6:39:57 下午 org.apache.catalina.startup.Catalina load
信息: Initialization processed in 1467 ms
六月 01, 2012 6:39:57 下午 org.apache.catalina.realm.JAASRealm setContainer
信息: Set JAAS app name Catalina
六月 01, 2012 6:39:57 下午 org.apache.catalina.core.StandardService start
信息: Starting service Catalina
六月 01, 2012 6:39:57 下午 org.apache.catalina.core.StandardEngine start
信息: Starting Servlet Engine: Apache Tomcat/6.0.16
六月 01, 2012 6:40:04 下午 org.apache.coyote.http11.Http11Protocol start
信息: Starting Coyote HTTP/1.1 on http-58080
六月 01, 2012 6:40:04 下午 org.apache.jk.common.ChannelSocket init
信息: JK: ajp13 listening on /0.0.0.0:58009
六月 01, 2012 6:40:04 下午 org.apache.jk.server.JkMain start
信息: Jk running ID=0 time=0/98  config=null
六月 01, 2012 6:40:04 下午 org.apache.catalina.startup.Catalina start
信息: Server startup in 7307 ms
