五月 13, 2012 9:18:44 上午 org.apache.catalina.session.StandardSession writeObject
警告: Cannot serialize session attribute CLUSTER_SESSION_IN_HTTP_SESSION for session CCB04D594AA25047977EDC927BEFBA13
java.io.NotSerializableException: org.apache.catalina.session.StandardSessionFacade
	at java.io.ObjectOutputStream.writeObject0(ObjectOutputStream.java:1180)
	at java.io.ObjectOutputStream.defaultWriteFields(ObjectOutputStream.java:1528)
	at java.io.ObjectOutputStream.writeSerialData(ObjectOutputStream.java:1493)
	at java.io.ObjectOutputStream.writeOrdinaryObject(ObjectOutputStream.java:1416)
	at java.io.ObjectOutputStream.writeObject0(ObjectOutputStream.java:1174)
	at java.io.ObjectOutputStream.writeObject(ObjectOutputStream.java:346)
	at org.apache.catalina.session.StandardSession.writeObject(StandardSession.java:1515)
	at org.apache.catalina.session.StandardSession.writeObjectData(StandardSession.java:959)
	at org.apache.catalina.session.StandardManager.doUnload(StandardManager.java:517)
	at org.apache.catalina.session.StandardManager.unload(StandardManager.java:463)
	at org.apache.catalina.session.StandardManager.stop(StandardManager.java:667)
	at org.apache.catalina.core.StandardContext.stop(StandardContext.java:4512)
	at org.apache.catalina.core.ContainerBase.removeChild(ContainerBase.java:924)
	at org.apache.catalina.startup.HostConfig.undeployApps(HostConfig.java:1189)
	at org.apache.catalina.startup.HostConfig.stop(HostConfig.java:1160)
	at org.apache.catalina.startup.HostConfig.lifecycleEvent(HostConfig.java:313)
	at org.apache.catalina.util.LifecycleSupport.fireLifecycleEvent(LifecycleSupport.java:117)
	at org.apache.catalina.core.ContainerBase.stop(ContainerBase.java:1086)
	at org.apache.catalina.core.ContainerBase.stop(ContainerBase.java:1098)
	at org.apache.catalina.core.StandardEngine.stop(StandardEngine.java:448)
	at org.apache.catalina.core.StandardService.stop(StandardService.java:584)
	at org.apache.catalina.core.StandardServer.stop(StandardServer.java:744)
	at org.apache.catalina.startup.Catalina.stop(Catalina.java:628)
	at org.apache.catalina.startup.Catalina.start(Catalina.java:603)
	at sun.reflect.NativeMethodAccessorImpl.invoke0(Native Method)
	at sun.reflect.NativeMethodAccessorImpl.invoke(NativeMethodAccessorImpl.java:57)
	at sun.reflect.DelegatingMethodAccessorImpl.invoke(DelegatingMethodAccessorImpl.java:43)
	at java.lang.reflect.Method.invoke(Method.java:601)
	at org.apache.catalina.startup.Bootstrap.start(Bootstrap.java:288)
	at org.apache.catalina.startup.Bootstrap.main(Bootstrap.java:413)

五月 13, 2012 9:43:09 上午 org.apache.catalina.session.StandardSession writeObject
警告: Cannot serialize session attribute CLUSTER_SESSION_IN_HTTP_SESSION for session 0882B620B7CF559405EC75D1789BA3B4
java.io.NotSerializableException: org.apache.catalina.session.StandardSessionFacade
	at java.io.ObjectOutputStream.writeObject0(ObjectOutputStream.java:1180)
	at java.io.ObjectOutputStream.defaultWriteFields(ObjectOutputStream.java:1528)
	at java.io.ObjectOutputStream.writeSerialData(ObjectOutputStream.java:1493)
	at java.io.ObjectOutputStream.writeOrdinaryObject(ObjectOutputStream.java:1416)
	at java.io.ObjectOutputStream.writeObject0(ObjectOutputStream.java:1174)
	at java.io.ObjectOutputStream.writeObject(ObjectOutputStream.java:346)
	at org.apache.catalina.session.StandardSession.writeObject(StandardSession.java:1515)
	at org.apache.catalina.session.StandardSession.writeObjectData(StandardSession.java:959)
	at org.apache.catalina.session.StandardManager.doUnload(StandardManager.java:517)
	at org.apache.catalina.session.StandardManager.unload(StandardManager.java:463)
	at org.apache.catalina.session.StandardManager.stop(StandardManager.java:667)
	at org.apache.catalina.core.StandardContext.stop(StandardContext.java:4512)
	at org.apache.catalina.core.ContainerBase.removeChild(ContainerBase.java:924)
	at org.apache.catalina.startup.HostConfig.undeployApps(HostConfig.java:1189)
	at org.apache.catalina.startup.HostConfig.stop(HostConfig.java:1160)
	at org.apache.catalina.startup.HostConfig.lifecycleEvent(HostConfig.java:313)
	at org.apache.catalina.util.LifecycleSupport.fireLifecycleEvent(LifecycleSupport.java:117)
	at org.apache.catalina.core.ContainerBase.stop(ContainerBase.java:1086)
	at org.apache.catalina.core.ContainerBase.stop(ContainerBase.java:1098)
	at org.apache.catalina.core.StandardEngine.stop(StandardEngine.java:448)
	at org.apache.catalina.core.StandardService.stop(StandardService.java:584)
	at org.apache.catalina.core.StandardServer.stop(StandardServer.java:744)
	at org.apache.catalina.startup.Catalina.stop(Catalina.java:628)
	at org.apache.catalina.startup.Catalina.start(Catalina.java:603)
	at sun.reflect.NativeMethodAccessorImpl.invoke0(Native Method)
	at sun.reflect.NativeMethodAccessorImpl.invoke(NativeMethodAccessorImpl.java:57)
	at sun.reflect.DelegatingMethodAccessorImpl.invoke(DelegatingMethodAccessorImpl.java:43)
	at java.lang.reflect.Method.invoke(Method.java:601)
	at org.apache.catalina.startup.Bootstrap.start(Bootstrap.java:288)
	at org.apache.catalina.startup.Bootstrap.main(Bootstrap.java:413)

五月 13, 2012 10:09:05 上午 org.apache.catalina.session.StandardSession writeObject
警告: Cannot serialize session attribute CLUSTER_SESSION_IN_HTTP_SESSION for session FC6115F6C690E4FD31003D5FDB307C51
java.io.NotSerializableException: org.apache.catalina.session.StandardSessionFacade
	at java.io.ObjectOutputStream.writeObject0(ObjectOutputStream.java:1180)
	at java.io.ObjectOutputStream.defaultWriteFields(ObjectOutputStream.java:1528)
	at java.io.ObjectOutputStream.writeSerialData(ObjectOutputStream.java:1493)
	at java.io.ObjectOutputStream.writeOrdinaryObject(ObjectOutputStream.java:1416)
	at java.io.ObjectOutputStream.writeObject0(ObjectOutputStream.java:1174)
	at java.io.ObjectOutputStream.writeObject(ObjectOutputStream.java:346)
	at org.apache.catalina.session.StandardSession.writeObject(StandardSession.java:1515)
	at org.apache.catalina.session.StandardSession.writeObjectData(StandardSession.java:959)
	at org.apache.catalina.session.StandardManager.doUnload(StandardManager.java:517)
	at org.apache.catalina.session.StandardManager.unload(StandardManager.java:463)
	at org.apache.catalina.session.StandardManager.stop(StandardManager.java:667)
	at org.apache.catalina.core.StandardContext.stop(StandardContext.java:4512)
	at org.apache.catalina.core.ContainerBase.removeChild(ContainerBase.java:924)
	at org.apache.catalina.startup.HostConfig.undeployApps(HostConfig.java:1189)
	at org.apache.catalina.startup.HostConfig.stop(HostConfig.java:1160)
	at org.apache.catalina.startup.HostConfig.lifecycleEvent(HostConfig.java:313)
	at org.apache.catalina.util.LifecycleSupport.fireLifecycleEvent(LifecycleSupport.java:117)
	at org.apache.catalina.core.ContainerBase.stop(ContainerBase.java:1086)
	at org.apache.catalina.core.ContainerBase.stop(ContainerBase.java:1098)
	at org.apache.catalina.core.StandardEngine.stop(StandardEngine.java:448)
	at org.apache.catalina.core.StandardService.stop(StandardService.java:584)
	at org.apache.catalina.core.StandardServer.stop(StandardServer.java:744)
	at org.apache.catalina.startup.Catalina.stop(Catalina.java:628)
	at org.apache.catalina.startup.Catalina.start(Catalina.java:603)
	at sun.reflect.NativeMethodAccessorImpl.invoke0(Native Method)
	at sun.reflect.NativeMethodAccessorImpl.invoke(NativeMethodAccessorImpl.java:57)
	at sun.reflect.DelegatingMethodAccessorImpl.invoke(DelegatingMethodAccessorImpl.java:43)
	at java.lang.reflect.Method.invoke(Method.java:601)
	at org.apache.catalina.startup.Bootstrap.start(Bootstrap.java:288)
	at org.apache.catalina.startup.Bootstrap.main(Bootstrap.java:413)

五月 13, 2012 10:10:48 上午 org.apache.catalina.session.StandardSession writeObject
警告: Cannot serialize session attribute CLUSTER_SESSION_IN_HTTP_SESSION for session FE6B84CFCB20E8E8FC535DAF08F4C306
java.io.NotSerializableException: org.apache.catalina.session.StandardSessionFacade
	at java.io.ObjectOutputStream.writeObject0(ObjectOutputStream.java:1180)
	at java.io.ObjectOutputStream.defaultWriteFields(ObjectOutputStream.java:1528)
	at java.io.ObjectOutputStream.writeSerialData(ObjectOutputStream.java:1493)
	at java.io.ObjectOutputStream.writeOrdinaryObject(ObjectOutputStream.java:1416)
	at java.io.ObjectOutputStream.writeObject0(ObjectOutputStream.java:1174)
	at java.io.ObjectOutputStream.writeObject(ObjectOutputStream.java:346)
	at org.apache.catalina.session.StandardSession.writeObject(StandardSession.java:1515)
	at org.apache.catalina.session.StandardSession.writeObjectData(StandardSession.java:959)
	at org.apache.catalina.session.StandardManager.doUnload(StandardManager.java:517)
	at org.apache.catalina.session.StandardManager.unload(StandardManager.java:463)
	at org.apache.catalina.session.StandardManager.stop(StandardManager.java:667)
	at org.apache.catalina.core.StandardContext.stop(StandardContext.java:4512)
	at org.apache.catalina.core.ContainerBase.removeChild(ContainerBase.java:924)
	at org.apache.catalina.startup.HostConfig.undeployApps(HostConfig.java:1189)
	at org.apache.catalina.startup.HostConfig.stop(HostConfig.java:1160)
	at org.apache.catalina.startup.HostConfig.lifecycleEvent(HostConfig.java:313)
	at org.apache.catalina.util.LifecycleSupport.fireLifecycleEvent(LifecycleSupport.java:117)
	at org.apache.catalina.core.ContainerBase.stop(ContainerBase.java:1086)
	at org.apache.catalina.core.ContainerBase.stop(ContainerBase.java:1098)
	at org.apache.catalina.core.StandardEngine.stop(StandardEngine.java:448)
	at org.apache.catalina.core.StandardService.stop(StandardService.java:584)
	at org.apache.catalina.core.StandardServer.stop(StandardServer.java:744)
	at org.apache.catalina.startup.Catalina.stop(Catalina.java:628)
	at org.apache.catalina.startup.Catalina.start(Catalina.java:603)
	at sun.reflect.NativeMethodAccessorImpl.invoke0(Native Method)
	at sun.reflect.NativeMethodAccessorImpl.invoke(NativeMethodAccessorImpl.java:57)
	at sun.reflect.DelegatingMethodAccessorImpl.invoke(DelegatingMethodAccessorImpl.java:43)
	at java.lang.reflect.Method.invoke(Method.java:601)
	at org.apache.catalina.startup.Bootstrap.start(Bootstrap.java:288)
	at org.apache.catalina.startup.Bootstrap.main(Bootstrap.java:413)

五月 13, 2012 10:26:00 上午 org.apache.catalina.session.StandardSession writeObject
警告: Cannot serialize session attribute CLUSTER_SESSION_IN_HTTP_SESSION for session 36203CE0CDBDC7C2077E30858387F5E9
java.io.NotSerializableException: org.apache.catalina.session.StandardSessionFacade
	at java.io.ObjectOutputStream.writeObject0(ObjectOutputStream.java:1180)
	at java.io.ObjectOutputStream.defaultWriteFields(ObjectOutputStream.java:1528)
	at java.io.ObjectOutputStream.writeSerialData(ObjectOutputStream.java:1493)
	at java.io.ObjectOutputStream.writeOrdinaryObject(ObjectOutputStream.java:1416)
	at java.io.ObjectOutputStream.writeObject0(ObjectOutputStream.java:1174)
	at java.io.ObjectOutputStream.writeObject(ObjectOutputStream.java:346)
	at org.apache.catalina.session.StandardSession.writeObject(StandardSession.java:1515)
	at org.apache.catalina.session.StandardSession.writeObjectData(StandardSession.java:959)
	at org.apache.catalina.session.StandardManager.doUnload(StandardManager.java:517)
	at org.apache.catalina.session.StandardManager.unload(StandardManager.java:463)
	at org.apache.catalina.session.StandardManager.stop(StandardManager.java:667)
	at org.apache.catalina.core.StandardContext.stop(StandardContext.java:4512)
	at org.apache.catalina.core.ContainerBase.removeChild(ContainerBase.java:924)
	at org.apache.catalina.startup.HostConfig.undeployApps(HostConfig.java:1189)
	at org.apache.catalina.startup.HostConfig.stop(HostConfig.java:1160)
	at org.apache.catalina.startup.HostConfig.lifecycleEvent(HostConfig.java:313)
	at org.apache.catalina.util.LifecycleSupport.fireLifecycleEvent(LifecycleSupport.java:117)
	at org.apache.catalina.core.ContainerBase.stop(ContainerBase.java:1086)
	at org.apache.catalina.core.ContainerBase.stop(ContainerBase.java:1098)
	at org.apache.catalina.core.StandardEngine.stop(StandardEngine.java:448)
	at org.apache.catalina.core.StandardService.stop(StandardService.java:584)
	at org.apache.catalina.core.StandardServer.stop(StandardServer.java:744)
	at org.apache.catalina.startup.Catalina.stop(Catalina.java:628)
	at org.apache.catalina.startup.Catalina.start(Catalina.java:603)
	at sun.reflect.NativeMethodAccessorImpl.invoke0(Native Method)
	at sun.reflect.NativeMethodAccessorImpl.invoke(NativeMethodAccessorImpl.java:57)
	at sun.reflect.DelegatingMethodAccessorImpl.invoke(DelegatingMethodAccessorImpl.java:43)
	at java.lang.reflect.Method.invoke(Method.java:601)
	at org.apache.catalina.startup.Bootstrap.start(Bootstrap.java:288)
	at org.apache.catalina.startup.Bootstrap.main(Bootstrap.java:413)

五月 13, 2012 11:03:11 上午 org.apache.catalina.session.StandardSession writeObject
警告: Cannot serialize session attribute CLUSTER_SESSION_IN_HTTP_SESSION for session 0C4EEA49A8E1009FFC228EB5203D1ECE
java.io.NotSerializableException: org.apache.catalina.session.StandardSessionFacade
	at java.io.ObjectOutputStream.writeObject0(ObjectOutputStream.java:1180)
	at java.io.ObjectOutputStream.defaultWriteFields(ObjectOutputStream.java:1528)
	at java.io.ObjectOutputStream.writeSerialData(ObjectOutputStream.java:1493)
	at java.io.ObjectOutputStream.writeOrdinaryObject(ObjectOutputStream.java:1416)
	at java.io.ObjectOutputStream.writeObject0(ObjectOutputStream.java:1174)
	at java.io.ObjectOutputStream.writeObject(ObjectOutputStream.java:346)
	at org.apache.catalina.session.StandardSession.writeObject(StandardSession.java:1515)
	at org.apache.catalina.session.StandardSession.writeObjectData(StandardSession.java:959)
	at org.apache.catalina.session.StandardManager.doUnload(StandardManager.java:517)
	at org.apache.catalina.session.StandardManager.unload(StandardManager.java:463)
	at org.apache.catalina.session.StandardManager.stop(StandardManager.java:667)
	at org.apache.catalina.core.StandardContext.stop(StandardContext.java:4512)
	at org.apache.catalina.core.ContainerBase.removeChild(ContainerBase.java:924)
	at org.apache.catalina.startup.HostConfig.undeployApps(HostConfig.java:1189)
	at org.apache.catalina.startup.HostConfig.stop(HostConfig.java:1160)
	at org.apache.catalina.startup.HostConfig.lifecycleEvent(HostConfig.java:313)
	at org.apache.catalina.util.LifecycleSupport.fireLifecycleEvent(LifecycleSupport.java:117)
	at org.apache.catalina.core.ContainerBase.stop(ContainerBase.java:1086)
	at org.apache.catalina.core.ContainerBase.stop(ContainerBase.java:1098)
	at org.apache.catalina.core.StandardEngine.stop(StandardEngine.java:448)
	at org.apache.catalina.core.StandardService.stop(StandardService.java:584)
	at org.apache.catalina.core.StandardServer.stop(StandardServer.java:744)
	at org.apache.catalina.startup.Catalina.stop(Catalina.java:628)
	at org.apache.catalina.startup.Catalina.start(Catalina.java:603)
	at sun.reflect.NativeMethodAccessorImpl.invoke0(Native Method)
	at sun.reflect.NativeMethodAccessorImpl.invoke(NativeMethodAccessorImpl.java:57)
	at sun.reflect.DelegatingMethodAccessorImpl.invoke(DelegatingMethodAccessorImpl.java:43)
	at java.lang.reflect.Method.invoke(Method.java:601)
	at org.apache.catalina.startup.Bootstrap.start(Bootstrap.java:288)
	at org.apache.catalina.startup.Bootstrap.main(Bootstrap.java:413)

五月 13, 2012 11:03:11 上午 org.apache.catalina.session.StandardSession writeObject
警告: Cannot serialize session attribute CLUSTER_SESSION_IN_HTTP_SESSION for session E0678C099F975C944DF6901E780BE0D3
java.io.NotSerializableException: org.apache.catalina.session.StandardSessionFacade
	at java.io.ObjectOutputStream.writeObject0(ObjectOutputStream.java:1180)
	at java.io.ObjectOutputStream.defaultWriteFields(ObjectOutputStream.java:1528)
	at java.io.ObjectOutputStream.writeSerialData(ObjectOutputStream.java:1493)
	at java.io.ObjectOutputStream.writeOrdinaryObject(ObjectOutputStream.java:1416)
	at java.io.ObjectOutputStream.writeObject0(ObjectOutputStream.java:1174)
	at java.io.ObjectOutputStream.writeObject(ObjectOutputStream.java:346)
	at org.apache.catalina.session.StandardSession.writeObject(StandardSession.java:1515)
	at org.apache.catalina.session.StandardSession.writeObjectData(StandardSession.java:959)
	at org.apache.catalina.session.StandardManager.doUnload(StandardManager.java:517)
	at org.apache.catalina.session.StandardManager.unload(StandardManager.java:463)
	at org.apache.catalina.session.StandardManager.stop(StandardManager.java:667)
	at org.apache.catalina.core.StandardContext.stop(StandardContext.java:4512)
	at org.apache.catalina.core.ContainerBase.removeChild(ContainerBase.java:924)
	at org.apache.catalina.startup.HostConfig.undeployApps(HostConfig.java:1189)
	at org.apache.catalina.startup.HostConfig.stop(HostConfig.java:1160)
	at org.apache.catalina.startup.HostConfig.lifecycleEvent(HostConfig.java:313)
	at org.apache.catalina.util.LifecycleSupport.fireLifecycleEvent(LifecycleSupport.java:117)
	at org.apache.catalina.core.ContainerBase.stop(ContainerBase.java:1086)
	at org.apache.catalina.core.ContainerBase.stop(ContainerBase.java:1098)
	at org.apache.catalina.core.StandardEngine.stop(StandardEngine.java:448)
	at org.apache.catalina.core.StandardService.stop(StandardService.java:584)
	at org.apache.catalina.core.StandardServer.stop(StandardServer.java:744)
	at org.apache.catalina.startup.Catalina.stop(Catalina.java:628)
	at org.apache.catalina.startup.Catalina.start(Catalina.java:603)
	at sun.reflect.NativeMethodAccessorImpl.invoke0(Native Method)
	at sun.reflect.NativeMethodAccessorImpl.invoke(NativeMethodAccessorImpl.java:57)
	at sun.reflect.DelegatingMethodAccessorImpl.invoke(DelegatingMethodAccessorImpl.java:43)
	at java.lang.reflect.Method.invoke(Method.java:601)
	at org.apache.catalina.startup.Bootstrap.start(Bootstrap.java:288)
	at org.apache.catalina.startup.Bootstrap.main(Bootstrap.java:413)

五月 13, 2012 11:07:28 上午 org.apache.catalina.session.StandardSession writeObject
警告: Cannot serialize session attribute CLUSTER_SESSION_IN_HTTP_SESSION for session 04F8E6E10A5D64427668419B29484872
java.io.NotSerializableException: org.apache.catalina.session.StandardSessionFacade
	at java.io.ObjectOutputStream.writeObject0(ObjectOutputStream.java:1180)
	at java.io.ObjectOutputStream.defaultWriteFields(ObjectOutputStream.java:1528)
	at java.io.ObjectOutputStream.writeSerialData(ObjectOutputStream.java:1493)
	at java.io.ObjectOutputStream.writeOrdinaryObject(ObjectOutputStream.java:1416)
	at java.io.ObjectOutputStream.writeObject0(ObjectOutputStream.java:1174)
	at java.io.ObjectOutputStream.writeObject(ObjectOutputStream.java:346)
	at org.apache.catalina.session.StandardSession.writeObject(StandardSession.java:1515)
	at org.apache.catalina.session.StandardSession.writeObjectData(StandardSession.java:959)
	at org.apache.catalina.session.StandardManager.doUnload(StandardManager.java:517)
	at org.apache.catalina.session.StandardManager.unload(StandardManager.java:463)
	at org.apache.catalina.session.StandardManager.stop(StandardManager.java:667)
	at org.apache.catalina.core.StandardContext.stop(StandardContext.java:4512)
	at org.apache.catalina.core.ContainerBase.removeChild(ContainerBase.java:924)
	at org.apache.catalina.startup.HostConfig.undeployApps(HostConfig.java:1189)
	at org.apache.catalina.startup.HostConfig.stop(HostConfig.java:1160)
	at org.apache.catalina.startup.HostConfig.lifecycleEvent(HostConfig.java:313)
	at org.apache.catalina.util.LifecycleSupport.fireLifecycleEvent(LifecycleSupport.java:117)
	at org.apache.catalina.core.ContainerBase.stop(ContainerBase.java:1086)
	at org.apache.catalina.core.ContainerBase.stop(ContainerBase.java:1098)
	at org.apache.catalina.core.StandardEngine.stop(StandardEngine.java:448)
	at org.apache.catalina.core.StandardService.stop(StandardService.java:584)
	at org.apache.catalina.core.StandardServer.stop(StandardServer.java:744)
	at org.apache.catalina.startup.Catalina.stop(Catalina.java:628)
	at org.apache.catalina.startup.Catalina.start(Catalina.java:603)
	at sun.reflect.NativeMethodAccessorImpl.invoke0(Native Method)
	at sun.reflect.NativeMethodAccessorImpl.invoke(NativeMethodAccessorImpl.java:57)
	at sun.reflect.DelegatingMethodAccessorImpl.invoke(DelegatingMethodAccessorImpl.java:43)
	at java.lang.reflect.Method.invoke(Method.java:601)
	at org.apache.catalina.startup.Bootstrap.start(Bootstrap.java:288)
	at org.apache.catalina.startup.Bootstrap.main(Bootstrap.java:413)

五月 13, 2012 11:07:28 上午 org.apache.catalina.session.StandardSession writeObject
警告: Cannot serialize session attribute CLUSTER_SESSION_IN_HTTP_SESSION for session 40BECD105FBFAC2810E67B59A58933B4
java.io.NotSerializableException: org.apache.catalina.session.StandardSessionFacade
	at java.io.ObjectOutputStream.writeObject0(ObjectOutputStream.java:1180)
	at java.io.ObjectOutputStream.defaultWriteFields(ObjectOutputStream.java:1528)
	at java.io.ObjectOutputStream.writeSerialData(ObjectOutputStream.java:1493)
	at java.io.ObjectOutputStream.writeOrdinaryObject(ObjectOutputStream.java:1416)
	at java.io.ObjectOutputStream.writeObject0(ObjectOutputStream.java:1174)
	at java.io.ObjectOutputStream.writeObject(ObjectOutputStream.java:346)
	at org.apache.catalina.session.StandardSession.writeObject(StandardSession.java:1515)
	at org.apache.catalina.session.StandardSession.writeObjectData(StandardSession.java:959)
	at org.apache.catalina.session.StandardManager.doUnload(StandardManager.java:517)
	at org.apache.catalina.session.StandardManager.unload(StandardManager.java:463)
	at org.apache.catalina.session.StandardManager.stop(StandardManager.java:667)
	at org.apache.catalina.core.StandardContext.stop(StandardContext.java:4512)
	at org.apache.catalina.core.ContainerBase.removeChild(ContainerBase.java:924)
	at org.apache.catalina.startup.HostConfig.undeployApps(HostConfig.java:1189)
	at org.apache.catalina.startup.HostConfig.stop(HostConfig.java:1160)
	at org.apache.catalina.startup.HostConfig.lifecycleEvent(HostConfig.java:313)
	at org.apache.catalina.util.LifecycleSupport.fireLifecycleEvent(LifecycleSupport.java:117)
	at org.apache.catalina.core.ContainerBase.stop(ContainerBase.java:1086)
	at org.apache.catalina.core.ContainerBase.stop(ContainerBase.java:1098)
	at org.apache.catalina.core.StandardEngine.stop(StandardEngine.java:448)
	at org.apache.catalina.core.StandardService.stop(StandardService.java:584)
	at org.apache.catalina.core.StandardServer.stop(StandardServer.java:744)
	at org.apache.catalina.startup.Catalina.stop(Catalina.java:628)
	at org.apache.catalina.startup.Catalina.start(Catalina.java:603)
	at sun.reflect.NativeMethodAccessorImpl.invoke0(Native Method)
	at sun.reflect.NativeMethodAccessorImpl.invoke(NativeMethodAccessorImpl.java:57)
	at sun.reflect.DelegatingMethodAccessorImpl.invoke(DelegatingMethodAccessorImpl.java:43)
	at java.lang.reflect.Method.invoke(Method.java:601)
	at org.apache.catalina.startup.Bootstrap.start(Bootstrap.java:288)
	at org.apache.catalina.startup.Bootstrap.main(Bootstrap.java:413)

五月 13, 2012 11:07:28 上午 org.apache.catalina.session.StandardSession writeObject
警告: Cannot serialize session attribute CLUSTER_SESSION_IN_HTTP_SESSION for session 415B935377BEED5E784CB962DE5CF2C9
java.io.NotSerializableException: org.apache.catalina.session.StandardSessionFacade
	at java.io.ObjectOutputStream.writeObject0(ObjectOutputStream.java:1180)
	at java.io.ObjectOutputStream.defaultWriteFields(ObjectOutputStream.java:1528)
	at java.io.ObjectOutputStream.writeSerialData(ObjectOutputStream.java:1493)
	at java.io.ObjectOutputStream.writeOrdinaryObject(ObjectOutputStream.java:1416)
	at java.io.ObjectOutputStream.writeObject0(ObjectOutputStream.java:1174)
	at java.io.ObjectOutputStream.writeObject(ObjectOutputStream.java:346)
	at org.apache.catalina.session.StandardSession.writeObject(StandardSession.java:1515)
	at org.apache.catalina.session.StandardSession.writeObjectData(StandardSession.java:959)
	at org.apache.catalina.session.StandardManager.doUnload(StandardManager.java:517)
	at org.apache.catalina.session.StandardManager.unload(StandardManager.java:463)
	at org.apache.catalina.session.StandardManager.stop(StandardManager.java:667)
	at org.apache.catalina.core.StandardContext.stop(StandardContext.java:4512)
	at org.apache.catalina.core.ContainerBase.removeChild(ContainerBase.java:924)
	at org.apache.catalina.startup.HostConfig.undeployApps(HostConfig.java:1189)
	at org.apache.catalina.startup.HostConfig.stop(HostConfig.java:1160)
	at org.apache.catalina.startup.HostConfig.lifecycleEvent(HostConfig.java:313)
	at org.apache.catalina.util.LifecycleSupport.fireLifecycleEvent(LifecycleSupport.java:117)
	at org.apache.catalina.core.ContainerBase.stop(ContainerBase.java:1086)
	at org.apache.catalina.core.ContainerBase.stop(ContainerBase.java:1098)
	at org.apache.catalina.core.StandardEngine.stop(StandardEngine.java:448)
	at org.apache.catalina.core.StandardService.stop(StandardService.java:584)
	at org.apache.catalina.core.StandardServer.stop(StandardServer.java:744)
	at org.apache.catalina.startup.Catalina.stop(Catalina.java:628)
	at org.apache.catalina.startup.Catalina.start(Catalina.java:603)
	at sun.reflect.NativeMethodAccessorImpl.invoke0(Native Method)
	at sun.reflect.NativeMethodAccessorImpl.invoke(NativeMethodAccessorImpl.java:57)
	at sun.reflect.DelegatingMethodAccessorImpl.invoke(DelegatingMethodAccessorImpl.java:43)
	at java.lang.reflect.Method.invoke(Method.java:601)
	at org.apache.catalina.startup.Bootstrap.start(Bootstrap.java:288)
	at org.apache.catalina.startup.Bootstrap.main(Bootstrap.java:413)

五月 13, 2012 12:36:42 下午 org.apache.catalina.session.StandardSession writeObject
警告: Cannot serialize session attribute CLUSTER_SESSION_IN_HTTP_SESSION for session BB154D02D27DB442C61532D877D5000D
java.io.NotSerializableException: org.apache.catalina.session.StandardSessionFacade
	at java.io.ObjectOutputStream.writeObject0(ObjectOutputStream.java:1180)
	at java.io.ObjectOutputStream.defaultWriteFields(ObjectOutputStream.java:1528)
	at java.io.ObjectOutputStream.writeSerialData(ObjectOutputStream.java:1493)
	at java.io.ObjectOutputStream.writeOrdinaryObject(ObjectOutputStream.java:1416)
	at java.io.ObjectOutputStream.writeObject0(ObjectOutputStream.java:1174)
	at java.io.ObjectOutputStream.writeObject(ObjectOutputStream.java:346)
	at org.apache.catalina.session.StandardSession.writeObject(StandardSession.java:1515)
	at org.apache.catalina.session.StandardSession.writeObjectData(StandardSession.java:959)
	at org.apache.catalina.session.StandardManager.doUnload(StandardManager.java:517)
	at org.apache.catalina.session.StandardManager.unload(StandardManager.java:463)
	at org.apache.catalina.session.StandardManager.stop(StandardManager.java:667)
	at org.apache.catalina.core.StandardContext.stop(StandardContext.java:4512)
	at org.apache.catalina.core.ContainerBase.removeChild(ContainerBase.java:924)
	at org.apache.catalina.startup.HostConfig.undeployApps(HostConfig.java:1189)
	at org.apache.catalina.startup.HostConfig.stop(HostConfig.java:1160)
	at org.apache.catalina.startup.HostConfig.lifecycleEvent(HostConfig.java:313)
	at org.apache.catalina.util.LifecycleSupport.fireLifecycleEvent(LifecycleSupport.java:117)
	at org.apache.catalina.core.ContainerBase.stop(ContainerBase.java:1086)
	at org.apache.catalina.core.ContainerBase.stop(ContainerBase.java:1098)
	at org.apache.catalina.core.StandardEngine.stop(StandardEngine.java:448)
	at org.apache.catalina.core.StandardService.stop(StandardService.java:584)
	at org.apache.catalina.core.StandardServer.stop(StandardServer.java:744)
	at org.apache.catalina.startup.Catalina.stop(Catalina.java:628)
	at org.apache.catalina.startup.Catalina.start(Catalina.java:603)
	at sun.reflect.NativeMethodAccessorImpl.invoke0(Native Method)
	at sun.reflect.NativeMethodAccessorImpl.invoke(NativeMethodAccessorImpl.java:57)
	at sun.reflect.DelegatingMethodAccessorImpl.invoke(DelegatingMethodAccessorImpl.java:43)
	at java.lang.reflect.Method.invoke(Method.java:601)
	at org.apache.catalina.startup.Bootstrap.start(Bootstrap.java:288)
	at org.apache.catalina.startup.Bootstrap.main(Bootstrap.java:413)

五月 13, 2012 12:36:47 下午 org.apache.catalina.core.StandardWrapperValve invoke
严重: Servlet.service() for servlet JsonClientServlet threw exception
java.lang.NullPointerException
	at org.apache.log4j.spi.LocationInfo.<init>(LocationInfo.java:189)
	at org.apache.log4j.spi.LoggingEvent.getLocationInformation(LoggingEvent.java:253)
	at org.apache.log4j.helpers.PatternParser$LocationPatternConverter.convert(PatternParser.java:500)
	at org.apache.log4j.helpers.PatternConverter.format(PatternConverter.java:65)
	at org.apache.log4j.PatternLayout.format(PatternLayout.java:506)
	at org.apache.log4j.WriterAppender.subAppend(WriterAppender.java:310)
	at org.apache.log4j.RollingFileAppender.subAppend(RollingFileAppender.java:276)
	at org.apache.log4j.WriterAppender.append(WriterAppender.java:162)
	at org.apache.log4j.AppenderSkeleton.doAppend(AppenderSkeleton.java:251)
	at org.apache.log4j.helpers.AppenderAttachableImpl.appendLoopOnAppenders(AppenderAttachableImpl.java:66)
	at org.apache.log4j.Category.callAppenders(Category.java:206)
	at org.apache.log4j.Category.forcedLog(Category.java:391)
	at org.apache.log4j.Category.error(Category.java:322)
	at com.xt.core.log.LogWriter.error(LogWriter.java:389)
	at com.xt.gt.jt.http.GreenTeaGeneralServlet.doPost(GreenTeaGeneralServlet.java:226)
	at javax.servlet.http.HttpServlet.service(HttpServlet.java:710)
	at javax.servlet.http.HttpServlet.service(HttpServlet.java:803)
	at org.apache.catalina.core.ApplicationFilterChain.internalDoFilter(ApplicationFilterChain.java:290)
	at org.apache.catalina.core.ApplicationFilterChain.doFilter(ApplicationFilterChain.java:206)
	at com.xt.comm.encoding.EncodingFilter.doFilter(EncodingFilter.java:140)
	at org.apache.catalina.core.ApplicationFilterChain.internalDoFilter(ApplicationFilterChain.java:235)
	at org.apache.catalina.core.ApplicationFilterChain.doFilter(ApplicationFilterChain.java:206)
	at org.apache.catalina.core.StandardWrapperValve.invoke(StandardWrapperValve.java:233)
	at org.apache.catalina.core.StandardContextValve.invoke(StandardContextValve.java:175)
	at org.apache.catalina.core.StandardHostValve.invoke(StandardHostValve.java:128)
	at org.apache.catalina.valves.ErrorReportValve.invoke(ErrorReportValve.java:102)
	at org.apache.catalina.core.StandardEngineValve.invoke(StandardEngineValve.java:109)
	at org.apache.catalina.connector.CoyoteAdapter.service(CoyoteAdapter.java:286)
	at org.apache.coyote.http11.Http11Processor.process(Http11Processor.java:844)
	at org.apache.coyote.http11.Http11Protocol$Http11ConnectionHandler.process(Http11Protocol.java:583)
	at org.apache.tomcat.util.net.JIoEndpoint$Worker.run(JIoEndpoint.java:447)
	at java.lang.Thread.run(Thread.java:722)

五月 13, 2012 10:15:23 下午 org.apache.catalina.session.StandardSession writeObject
警告: Cannot serialize session attribute CLUSTER_SESSION_IN_HTTP_SESSION for session B0AC9700CE7F5C5788B6D0912481E35A
java.io.NotSerializableException: org.apache.catalina.session.StandardSessionFacade
	at java.io.ObjectOutputStream.writeObject0(ObjectOutputStream.java:1180)
	at java.io.ObjectOutputStream.defaultWriteFields(ObjectOutputStream.java:1528)
	at java.io.ObjectOutputStream.writeSerialData(ObjectOutputStream.java:1493)
	at java.io.ObjectOutputStream.writeOrdinaryObject(ObjectOutputStream.java:1416)
	at java.io.ObjectOutputStream.writeObject0(ObjectOutputStream.java:1174)
	at java.io.ObjectOutputStream.writeObject(ObjectOutputStream.java:346)
	at org.apache.catalina.session.StandardSession.writeObject(StandardSession.java:1515)
	at org.apache.catalina.session.StandardSession.writeObjectData(StandardSession.java:959)
	at org.apache.catalina.session.StandardManager.doUnload(StandardManager.java:517)
	at org.apache.catalina.session.StandardManager.unload(StandardManager.java:463)
	at org.apache.catalina.session.StandardManager.stop(StandardManager.java:667)
	at org.apache.catalina.core.StandardContext.stop(StandardContext.java:4512)
	at org.apache.catalina.core.ContainerBase.removeChild(ContainerBase.java:924)
	at org.apache.catalina.startup.HostConfig.undeployApps(HostConfig.java:1189)
	at org.apache.catalina.startup.HostConfig.stop(HostConfig.java:1160)
	at org.apache.catalina.startup.HostConfig.lifecycleEvent(HostConfig.java:313)
	at org.apache.catalina.util.LifecycleSupport.fireLifecycleEvent(LifecycleSupport.java:117)
	at org.apache.catalina.core.ContainerBase.stop(ContainerBase.java:1086)
	at org.apache.catalina.core.ContainerBase.stop(ContainerBase.java:1098)
	at org.apache.catalina.core.StandardEngine.stop(StandardEngine.java:448)
	at org.apache.catalina.core.StandardService.stop(StandardService.java:584)
	at org.apache.catalina.core.StandardServer.stop(StandardServer.java:744)
	at org.apache.catalina.startup.Catalina.stop(Catalina.java:628)
	at org.apache.catalina.startup.Catalina.start(Catalina.java:603)
	at sun.reflect.NativeMethodAccessorImpl.invoke0(Native Method)
	at sun.reflect.NativeMethodAccessorImpl.invoke(NativeMethodAccessorImpl.java:57)
	at sun.reflect.DelegatingMethodAccessorImpl.invoke(DelegatingMethodAccessorImpl.java:43)
	at java.lang.reflect.Method.invoke(Method.java:601)
	at org.apache.catalina.startup.Bootstrap.start(Bootstrap.java:288)
	at org.apache.catalina.startup.Bootstrap.main(Bootstrap.java:413)

五月 13, 2012 10:15:23 下午 org.apache.catalina.session.StandardSession writeObject
警告: Cannot serialize session attribute CLUSTER_SESSION_IN_HTTP_SESSION for session E06B2C9F396E0007A1DC7F05C482040E
java.io.NotSerializableException: org.apache.catalina.session.StandardSessionFacade
	at java.io.ObjectOutputStream.writeObject0(ObjectOutputStream.java:1180)
	at java.io.ObjectOutputStream.defaultWriteFields(ObjectOutputStream.java:1528)
	at java.io.ObjectOutputStream.writeSerialData(ObjectOutputStream.java:1493)
	at java.io.ObjectOutputStream.writeOrdinaryObject(ObjectOutputStream.java:1416)
	at java.io.ObjectOutputStream.writeObject0(ObjectOutputStream.java:1174)
	at java.io.ObjectOutputStream.writeObject(ObjectOutputStream.java:346)
	at org.apache.catalina.session.StandardSession.writeObject(StandardSession.java:1515)
	at org.apache.catalina.session.StandardSession.writeObjectData(StandardSession.java:959)
	at org.apache.catalina.session.StandardManager.doUnload(StandardManager.java:517)
	at org.apache.catalina.session.StandardManager.unload(StandardManager.java:463)
	at org.apache.catalina.session.StandardManager.stop(StandardManager.java:667)
	at org.apache.catalina.core.StandardContext.stop(StandardContext.java:4512)
	at org.apache.catalina.core.ContainerBase.removeChild(ContainerBase.java:924)
	at org.apache.catalina.startup.HostConfig.undeployApps(HostConfig.java:1189)
	at org.apache.catalina.startup.HostConfig.stop(HostConfig.java:1160)
	at org.apache.catalina.startup.HostConfig.lifecycleEvent(HostConfig.java:313)
	at org.apache.catalina.util.LifecycleSupport.fireLifecycleEvent(LifecycleSupport.java:117)
	at org.apache.catalina.core.ContainerBase.stop(ContainerBase.java:1086)
	at org.apache.catalina.core.ContainerBase.stop(ContainerBase.java:1098)
	at org.apache.catalina.core.StandardEngine.stop(StandardEngine.java:448)
	at org.apache.catalina.core.StandardService.stop(StandardService.java:584)
	at org.apache.catalina.core.StandardServer.stop(StandardServer.java:744)
	at org.apache.catalina.startup.Catalina.stop(Catalina.java:628)
	at org.apache.catalina.startup.Catalina.start(Catalina.java:603)
	at sun.reflect.NativeMethodAccessorImpl.invoke0(Native Method)
	at sun.reflect.NativeMethodAccessorImpl.invoke(NativeMethodAccessorImpl.java:57)
	at sun.reflect.DelegatingMethodAccessorImpl.invoke(DelegatingMethodAccessorImpl.java:43)
	at java.lang.reflect.Method.invoke(Method.java:601)
	at org.apache.catalina.startup.Bootstrap.start(Bootstrap.java:288)
	at org.apache.catalina.startup.Bootstrap.main(Bootstrap.java:413)

五月 13, 2012 10:15:23 下午 org.apache.catalina.session.StandardSession writeObject
警告: Cannot serialize session attribute CLUSTER_SESSION_IN_HTTP_SESSION for session 7393E2947203CF2671F759232464F9F8
java.io.NotSerializableException: org.apache.catalina.session.StandardSessionFacade
	at java.io.ObjectOutputStream.writeObject0(ObjectOutputStream.java:1180)
	at java.io.ObjectOutputStream.defaultWriteFields(ObjectOutputStream.java:1528)
	at java.io.ObjectOutputStream.writeSerialData(ObjectOutputStream.java:1493)
	at java.io.ObjectOutputStream.writeOrdinaryObject(ObjectOutputStream.java:1416)
	at java.io.ObjectOutputStream.writeObject0(ObjectOutputStream.java:1174)
	at java.io.ObjectOutputStream.writeObject(ObjectOutputStream.java:346)
	at org.apache.catalina.session.StandardSession.writeObject(StandardSession.java:1515)
	at org.apache.catalina.session.StandardSession.writeObjectData(StandardSession.java:959)
	at org.apache.catalina.session.StandardManager.doUnload(StandardManager.java:517)
	at org.apache.catalina.session.StandardManager.unload(StandardManager.java:463)
	at org.apache.catalina.session.StandardManager.stop(StandardManager.java:667)
	at org.apache.catalina.core.StandardContext.stop(StandardContext.java:4512)
	at org.apache.catalina.core.ContainerBase.removeChild(ContainerBase.java:924)
	at org.apache.catalina.startup.HostConfig.undeployApps(HostConfig.java:1189)
	at org.apache.catalina.startup.HostConfig.stop(HostConfig.java:1160)
	at org.apache.catalina.startup.HostConfig.lifecycleEvent(HostConfig.java:313)
	at org.apache.catalina.util.LifecycleSupport.fireLifecycleEvent(LifecycleSupport.java:117)
	at org.apache.catalina.core.ContainerBase.stop(ContainerBase.java:1086)
	at org.apache.catalina.core.ContainerBase.stop(ContainerBase.java:1098)
	at org.apache.catalina.core.StandardEngine.stop(StandardEngine.java:448)
	at org.apache.catalina.core.StandardService.stop(StandardService.java:584)
	at org.apache.catalina.core.StandardServer.stop(StandardServer.java:744)
	at org.apache.catalina.startup.Catalina.stop(Catalina.java:628)
	at org.apache.catalina.startup.Catalina.start(Catalina.java:603)
	at sun.reflect.NativeMethodAccessorImpl.invoke0(Native Method)
	at sun.reflect.NativeMethodAccessorImpl.invoke(NativeMethodAccessorImpl.java:57)
	at sun.reflect.DelegatingMethodAccessorImpl.invoke(DelegatingMethodAccessorImpl.java:43)
	at java.lang.reflect.Method.invoke(Method.java:601)
	at org.apache.catalina.startup.Bootstrap.start(Bootstrap.java:288)
	at org.apache.catalina.startup.Bootstrap.main(Bootstrap.java:413)

五月 13, 2012 10:15:23 下午 org.apache.catalina.session.StandardSession writeObject
警告: Cannot serialize session attribute CLUSTER_SESSION_IN_HTTP_SESSION for session ABD2A3612943054B4525741C92134929
java.io.NotSerializableException: org.apache.catalina.session.StandardSessionFacade
	at java.io.ObjectOutputStream.writeObject0(ObjectOutputStream.java:1180)
	at java.io.ObjectOutputStream.defaultWriteFields(ObjectOutputStream.java:1528)
	at java.io.ObjectOutputStream.writeSerialData(ObjectOutputStream.java:1493)
	at java.io.ObjectOutputStream.writeOrdinaryObject(ObjectOutputStream.java:1416)
	at java.io.ObjectOutputStream.writeObject0(ObjectOutputStream.java:1174)
	at java.io.ObjectOutputStream.writeObject(ObjectOutputStream.java:346)
	at org.apache.catalina.session.StandardSession.writeObject(StandardSession.java:1515)
	at org.apache.catalina.session.StandardSession.writeObjectData(StandardSession.java:959)
	at org.apache.catalina.session.StandardManager.doUnload(StandardManager.java:517)
	at org.apache.catalina.session.StandardManager.unload(StandardManager.java:463)
	at org.apache.catalina.session.StandardManager.stop(StandardManager.java:667)
	at org.apache.catalina.core.StandardContext.stop(StandardContext.java:4512)
	at org.apache.catalina.core.ContainerBase.removeChild(ContainerBase.java:924)
	at org.apache.catalina.startup.HostConfig.undeployApps(HostConfig.java:1189)
	at org.apache.catalina.startup.HostConfig.stop(HostConfig.java:1160)
	at org.apache.catalina.startup.HostConfig.lifecycleEvent(HostConfig.java:313)
	at org.apache.catalina.util.LifecycleSupport.fireLifecycleEvent(LifecycleSupport.java:117)
	at org.apache.catalina.core.ContainerBase.stop(ContainerBase.java:1086)
	at org.apache.catalina.core.ContainerBase.stop(ContainerBase.java:1098)
	at org.apache.catalina.core.StandardEngine.stop(StandardEngine.java:448)
	at org.apache.catalina.core.StandardService.stop(StandardService.java:584)
	at org.apache.catalina.core.StandardServer.stop(StandardServer.java:744)
	at org.apache.catalina.startup.Catalina.stop(Catalina.java:628)
	at org.apache.catalina.startup.Catalina.start(Catalina.java:603)
	at sun.reflect.NativeMethodAccessorImpl.invoke0(Native Method)
	at sun.reflect.NativeMethodAccessorImpl.invoke(NativeMethodAccessorImpl.java:57)
	at sun.reflect.DelegatingMethodAccessorImpl.invoke(DelegatingMethodAccessorImpl.java:43)
	at java.lang.reflect.Method.invoke(Method.java:601)
	at org.apache.catalina.startup.Bootstrap.start(Bootstrap.java:288)
	at org.apache.catalina.startup.Bootstrap.main(Bootstrap.java:413)

五月 13, 2012 10:15:23 下午 org.apache.catalina.session.StandardSession writeObject
警告: Cannot serialize session attribute CLUSTER_SESSION_IN_HTTP_SESSION for session 2A2B417539BF4E9B148F4C4E42CA9E15
java.io.NotSerializableException: org.apache.catalina.session.StandardSessionFacade
	at java.io.ObjectOutputStream.writeObject0(ObjectOutputStream.java:1180)
	at java.io.ObjectOutputStream.defaultWriteFields(ObjectOutputStream.java:1528)
	at java.io.ObjectOutputStream.writeSerialData(ObjectOutputStream.java:1493)
	at java.io.ObjectOutputStream.writeOrdinaryObject(ObjectOutputStream.java:1416)
	at java.io.ObjectOutputStream.writeObject0(ObjectOutputStream.java:1174)
	at java.io.ObjectOutputStream.writeObject(ObjectOutputStream.java:346)
	at org.apache.catalina.session.StandardSession.writeObject(StandardSession.java:1515)
	at org.apache.catalina.session.StandardSession.writeObjectData(StandardSession.java:959)
	at org.apache.catalina.session.StandardManager.doUnload(StandardManager.java:517)
	at org.apache.catalina.session.StandardManager.unload(StandardManager.java:463)
	at org.apache.catalina.session.StandardManager.stop(StandardManager.java:667)
	at org.apache.catalina.core.StandardContext.stop(StandardContext.java:4512)
	at org.apache.catalina.core.ContainerBase.removeChild(ContainerBase.java:924)
	at org.apache.catalina.startup.HostConfig.undeployApps(HostConfig.java:1189)
	at org.apache.catalina.startup.HostConfig.stop(HostConfig.java:1160)
	at org.apache.catalina.startup.HostConfig.lifecycleEvent(HostConfig.java:313)
	at org.apache.catalina.util.LifecycleSupport.fireLifecycleEvent(LifecycleSupport.java:117)
	at org.apache.catalina.core.ContainerBase.stop(ContainerBase.java:1086)
	at org.apache.catalina.core.ContainerBase.stop(ContainerBase.java:1098)
	at org.apache.catalina.core.StandardEngine.stop(StandardEngine.java:448)
	at org.apache.catalina.core.StandardService.stop(StandardService.java:584)
	at org.apache.catalina.core.StandardServer.stop(StandardServer.java:744)
	at org.apache.catalina.startup.Catalina.stop(Catalina.java:628)
	at org.apache.catalina.startup.Catalina.start(Catalina.java:603)
	at sun.reflect.NativeMethodAccessorImpl.invoke0(Native Method)
	at sun.reflect.NativeMethodAccessorImpl.invoke(NativeMethodAccessorImpl.java:57)
	at sun.reflect.DelegatingMethodAccessorImpl.invoke(DelegatingMethodAccessorImpl.java:43)
	at java.lang.reflect.Method.invoke(Method.java:601)
	at org.apache.catalina.startup.Bootstrap.start(Bootstrap.java:288)
	at org.apache.catalina.startup.Bootstrap.main(Bootstrap.java:413)

五月 13, 2012 10:19:30 下午 org.apache.catalina.session.StandardSession writeObject
警告: Cannot serialize session attribute CLUSTER_SESSION_IN_HTTP_SESSION for session A373F51E6868E66014CF249E141871E0
java.io.NotSerializableException: org.apache.catalina.session.StandardSessionFacade
	at java.io.ObjectOutputStream.writeObject0(ObjectOutputStream.java:1180)
	at java.io.ObjectOutputStream.defaultWriteFields(ObjectOutputStream.java:1528)
	at java.io.ObjectOutputStream.writeSerialData(ObjectOutputStream.java:1493)
	at java.io.ObjectOutputStream.writeOrdinaryObject(ObjectOutputStream.java:1416)
	at java.io.ObjectOutputStream.writeObject0(ObjectOutputStream.java:1174)
	at java.io.ObjectOutputStream.writeObject(ObjectOutputStream.java:346)
	at org.apache.catalina.session.StandardSession.writeObject(StandardSession.java:1515)
	at org.apache.catalina.session.StandardSession.writeObjectData(StandardSession.java:959)
	at org.apache.catalina.session.StandardManager.doUnload(StandardManager.java:517)
	at org.apache.catalina.session.StandardManager.unload(StandardManager.java:463)
	at org.apache.catalina.session.StandardManager.stop(StandardManager.java:667)
	at org.apache.catalina.core.StandardContext.stop(StandardContext.java:4512)
	at org.apache.catalina.core.ContainerBase.removeChild(ContainerBase.java:924)
	at org.apache.catalina.startup.HostConfig.undeployApps(HostConfig.java:1189)
	at org.apache.catalina.startup.HostConfig.stop(HostConfig.java:1160)
	at org.apache.catalina.startup.HostConfig.lifecycleEvent(HostConfig.java:313)
	at org.apache.catalina.util.LifecycleSupport.fireLifecycleEvent(LifecycleSupport.java:117)
	at org.apache.catalina.core.ContainerBase.stop(ContainerBase.java:1086)
	at org.apache.catalina.core.ContainerBase.stop(ContainerBase.java:1098)
	at org.apache.catalina.core.StandardEngine.stop(StandardEngine.java:448)
	at org.apache.catalina.core.StandardService.stop(StandardService.java:584)
	at org.apache.catalina.core.StandardServer.stop(StandardServer.java:744)
	at org.apache.catalina.startup.Catalina.stop(Catalina.java:628)
	at org.apache.catalina.startup.Catalina.start(Catalina.java:603)
	at sun.reflect.NativeMethodAccessorImpl.invoke0(Native Method)
	at sun.reflect.NativeMethodAccessorImpl.invoke(NativeMethodAccessorImpl.java:57)
	at sun.reflect.DelegatingMethodAccessorImpl.invoke(DelegatingMethodAccessorImpl.java:43)
	at java.lang.reflect.Method.invoke(Method.java:601)
	at org.apache.catalina.startup.Bootstrap.start(Bootstrap.java:288)
	at org.apache.catalina.startup.Bootstrap.main(Bootstrap.java:413)

五月 13, 2012 10:19:30 下午 org.apache.catalina.session.StandardSession writeObject
警告: Cannot serialize session attribute CLUSTER_SESSION_IN_HTTP_SESSION for session 99419E04BC42C86879679C701F677FC4
java.io.NotSerializableException: org.apache.catalina.session.StandardSessionFacade
	at java.io.ObjectOutputStream.writeObject0(ObjectOutputStream.java:1180)
	at java.io.ObjectOutputStream.defaultWriteFields(ObjectOutputStream.java:1528)
	at java.io.ObjectOutputStream.writeSerialData(ObjectOutputStream.java:1493)
	at java.io.ObjectOutputStream.writeOrdinaryObject(ObjectOutputStream.java:1416)
	at java.io.ObjectOutputStream.writeObject0(ObjectOutputStream.java:1174)
	at java.io.ObjectOutputStream.writeObject(ObjectOutputStream.java:346)
	at org.apache.catalina.session.StandardSession.writeObject(StandardSession.java:1515)
	at org.apache.catalina.session.StandardSession.writeObjectData(StandardSession.java:959)
	at org.apache.catalina.session.StandardManager.doUnload(StandardManager.java:517)
	at org.apache.catalina.session.StandardManager.unload(StandardManager.java:463)
	at org.apache.catalina.session.StandardManager.stop(StandardManager.java:667)
	at org.apache.catalina.core.StandardContext.stop(StandardContext.java:4512)
	at org.apache.catalina.core.ContainerBase.removeChild(ContainerBase.java:924)
	at org.apache.catalina.startup.HostConfig.undeployApps(HostConfig.java:1189)
	at org.apache.catalina.startup.HostConfig.stop(HostConfig.java:1160)
	at org.apache.catalina.startup.HostConfig.lifecycleEvent(HostConfig.java:313)
	at org.apache.catalina.util.LifecycleSupport.fireLifecycleEvent(LifecycleSupport.java:117)
	at org.apache.catalina.core.ContainerBase.stop(ContainerBase.java:1086)
	at org.apache.catalina.core.ContainerBase.stop(ContainerBase.java:1098)
	at org.apache.catalina.core.StandardEngine.stop(StandardEngine.java:448)
	at org.apache.catalina.core.StandardService.stop(StandardService.java:584)
	at org.apache.catalina.core.StandardServer.stop(StandardServer.java:744)
	at org.apache.catalina.startup.Catalina.stop(Catalina.java:628)
	at org.apache.catalina.startup.Catalina.start(Catalina.java:603)
	at sun.reflect.NativeMethodAccessorImpl.invoke0(Native Method)
	at sun.reflect.NativeMethodAccessorImpl.invoke(NativeMethodAccessorImpl.java:57)
	at sun.reflect.DelegatingMethodAccessorImpl.invoke(DelegatingMethodAccessorImpl.java:43)
	at java.lang.reflect.Method.invoke(Method.java:601)
	at org.apache.catalina.startup.Bootstrap.start(Bootstrap.java:288)
	at org.apache.catalina.startup.Bootstrap.main(Bootstrap.java:413)

五月 13, 2012 10:19:30 下午 org.apache.catalina.session.StandardSession writeObject
警告: Cannot serialize session attribute CLUSTER_SESSION_IN_HTTP_SESSION for session 2657764E1E0BD82EFF4CEA942B0F64C7
java.io.NotSerializableException: org.apache.catalina.session.StandardSessionFacade
	at java.io.ObjectOutputStream.writeObject0(ObjectOutputStream.java:1180)
	at java.io.ObjectOutputStream.defaultWriteFields(ObjectOutputStream.java:1528)
	at java.io.ObjectOutputStream.writeSerialData(ObjectOutputStream.java:1493)
	at java.io.ObjectOutputStream.writeOrdinaryObject(ObjectOutputStream.java:1416)
	at java.io.ObjectOutputStream.writeObject0(ObjectOutputStream.java:1174)
	at java.io.ObjectOutputStream.writeObject(ObjectOutputStream.java:346)
	at org.apache.catalina.session.StandardSession.writeObject(StandardSession.java:1515)
	at org.apache.catalina.session.StandardSession.writeObjectData(StandardSession.java:959)
	at org.apache.catalina.session.StandardManager.doUnload(StandardManager.java:517)
	at org.apache.catalina.session.StandardManager.unload(StandardManager.java:463)
	at org.apache.catalina.session.StandardManager.stop(StandardManager.java:667)
	at org.apache.catalina.core.StandardContext.stop(StandardContext.java:4512)
	at org.apache.catalina.core.ContainerBase.removeChild(ContainerBase.java:924)
	at org.apache.catalina.startup.HostConfig.undeployApps(HostConfig.java:1189)
	at org.apache.catalina.startup.HostConfig.stop(HostConfig.java:1160)
	at org.apache.catalina.startup.HostConfig.lifecycleEvent(HostConfig.java:313)
	at org.apache.catalina.util.LifecycleSupport.fireLifecycleEvent(LifecycleSupport.java:117)
	at org.apache.catalina.core.ContainerBase.stop(ContainerBase.java:1086)
	at org.apache.catalina.core.ContainerBase.stop(ContainerBase.java:1098)
	at org.apache.catalina.core.StandardEngine.stop(StandardEngine.java:448)
	at org.apache.catalina.core.StandardService.stop(StandardService.java:584)
	at org.apache.catalina.core.StandardServer.stop(StandardServer.java:744)
	at org.apache.catalina.startup.Catalina.stop(Catalina.java:628)
	at org.apache.catalina.startup.Catalina.start(Catalina.java:603)
	at sun.reflect.NativeMethodAccessorImpl.invoke0(Native Method)
	at sun.reflect.NativeMethodAccessorImpl.invoke(NativeMethodAccessorImpl.java:57)
	at sun.reflect.DelegatingMethodAccessorImpl.invoke(DelegatingMethodAccessorImpl.java:43)
	at java.lang.reflect.Method.invoke(Method.java:601)
	at org.apache.catalina.startup.Bootstrap.start(Bootstrap.java:288)
	at org.apache.catalina.startup.Bootstrap.main(Bootstrap.java:413)

五月 13, 2012 10:41:33 下午 org.apache.catalina.session.StandardSession writeObject
警告: Cannot serialize session attribute CLUSTER_SESSION_IN_HTTP_SESSION for session 5D88C5602563254885C15F66C9305258
java.io.NotSerializableException: org.apache.catalina.session.StandardSessionFacade
	at java.io.ObjectOutputStream.writeObject0(ObjectOutputStream.java:1180)
	at java.io.ObjectOutputStream.defaultWriteFields(ObjectOutputStream.java:1528)
	at java.io.ObjectOutputStream.writeSerialData(ObjectOutputStream.java:1493)
	at java.io.ObjectOutputStream.writeOrdinaryObject(ObjectOutputStream.java:1416)
	at java.io.ObjectOutputStream.writeObject0(ObjectOutputStream.java:1174)
	at java.io.ObjectOutputStream.writeObject(ObjectOutputStream.java:346)
	at org.apache.catalina.session.StandardSession.writeObject(StandardSession.java:1515)
	at org.apache.catalina.session.StandardSession.writeObjectData(StandardSession.java:959)
	at org.apache.catalina.session.StandardManager.doUnload(StandardManager.java:517)
	at org.apache.catalina.session.StandardManager.unload(StandardManager.java:463)
	at org.apache.catalina.session.StandardManager.stop(StandardManager.java:667)
	at org.apache.catalina.core.StandardContext.stop(StandardContext.java:4512)
	at org.apache.catalina.core.ContainerBase.removeChild(ContainerBase.java:924)
	at org.apache.catalina.startup.HostConfig.undeployApps(HostConfig.java:1189)
	at org.apache.catalina.startup.HostConfig.stop(HostConfig.java:1160)
	at org.apache.catalina.startup.HostConfig.lifecycleEvent(HostConfig.java:313)
	at org.apache.catalina.util.LifecycleSupport.fireLifecycleEvent(LifecycleSupport.java:117)
	at org.apache.catalina.core.ContainerBase.stop(ContainerBase.java:1086)
	at org.apache.catalina.core.ContainerBase.stop(ContainerBase.java:1098)
	at org.apache.catalina.core.StandardEngine.stop(StandardEngine.java:448)
	at org.apache.catalina.core.StandardService.stop(StandardService.java:584)
	at org.apache.catalina.core.StandardServer.stop(StandardServer.java:744)
	at org.apache.catalina.startup.Catalina.stop(Catalina.java:628)
	at org.apache.catalina.startup.Catalina.start(Catalina.java:603)
	at sun.reflect.NativeMethodAccessorImpl.invoke0(Native Method)
	at sun.reflect.NativeMethodAccessorImpl.invoke(NativeMethodAccessorImpl.java:57)
	at sun.reflect.DelegatingMethodAccessorImpl.invoke(DelegatingMethodAccessorImpl.java:43)
	at java.lang.reflect.Method.invoke(Method.java:601)
	at org.apache.catalina.startup.Bootstrap.start(Bootstrap.java:288)
	at org.apache.catalina.startup.Bootstrap.main(Bootstrap.java:413)

五月 13, 2012 10:41:33 下午 org.apache.catalina.session.StandardSession writeObject
警告: Cannot serialize session attribute CLUSTER_SESSION_IN_HTTP_SESSION for session D479F6E3B9B27C46104810663A4303D1
java.io.NotSerializableException: org.apache.catalina.session.StandardSessionFacade
	at java.io.ObjectOutputStream.writeObject0(ObjectOutputStream.java:1180)
	at java.io.ObjectOutputStream.defaultWriteFields(ObjectOutputStream.java:1528)
	at java.io.ObjectOutputStream.writeSerialData(ObjectOutputStream.java:1493)
	at java.io.ObjectOutputStream.writeOrdinaryObject(ObjectOutputStream.java:1416)
	at java.io.ObjectOutputStream.writeObject0(ObjectOutputStream.java:1174)
	at java.io.ObjectOutputStream.writeObject(ObjectOutputStream.java:346)
	at org.apache.catalina.session.StandardSession.writeObject(StandardSession.java:1515)
	at org.apache.catalina.session.StandardSession.writeObjectData(StandardSession.java:959)
	at org.apache.catalina.session.StandardManager.doUnload(StandardManager.java:517)
	at org.apache.catalina.session.StandardManager.unload(StandardManager.java:463)
	at org.apache.catalina.session.StandardManager.stop(StandardManager.java:667)
	at org.apache.catalina.core.StandardContext.stop(StandardContext.java:4512)
	at org.apache.catalina.core.ContainerBase.removeChild(ContainerBase.java:924)
	at org.apache.catalina.startup.HostConfig.undeployApps(HostConfig.java:1189)
	at org.apache.catalina.startup.HostConfig.stop(HostConfig.java:1160)
	at org.apache.catalina.startup.HostConfig.lifecycleEvent(HostConfig.java:313)
	at org.apache.catalina.util.LifecycleSupport.fireLifecycleEvent(LifecycleSupport.java:117)
	at org.apache.catalina.core.ContainerBase.stop(ContainerBase.java:1086)
	at org.apache.catalina.core.ContainerBase.stop(ContainerBase.java:1098)
	at org.apache.catalina.core.StandardEngine.stop(StandardEngine.java:448)
	at org.apache.catalina.core.StandardService.stop(StandardService.java:584)
	at org.apache.catalina.core.StandardServer.stop(StandardServer.java:744)
	at org.apache.catalina.startup.Catalina.stop(Catalina.java:628)
	at org.apache.catalina.startup.Catalina.start(Catalina.java:603)
	at sun.reflect.NativeMethodAccessorImpl.invoke0(Native Method)
	at sun.reflect.NativeMethodAccessorImpl.invoke(NativeMethodAccessorImpl.java:57)
	at sun.reflect.DelegatingMethodAccessorImpl.invoke(DelegatingMethodAccessorImpl.java:43)
	at java.lang.reflect.Method.invoke(Method.java:601)
	at org.apache.catalina.startup.Bootstrap.start(Bootstrap.java:288)
	at org.apache.catalina.startup.Bootstrap.main(Bootstrap.java:413)

五月 13, 2012 10:41:33 下午 org.apache.catalina.session.StandardSession writeObject
警告: Cannot serialize session attribute CLUSTER_SESSION_IN_HTTP_SESSION for session 65BCEE49AA2F6D0936E87CC6C3FE0DEC
java.io.NotSerializableException: org.apache.catalina.session.StandardSessionFacade
	at java.io.ObjectOutputStream.writeObject0(ObjectOutputStream.java:1180)
	at java.io.ObjectOutputStream.defaultWriteFields(ObjectOutputStream.java:1528)
	at java.io.ObjectOutputStream.writeSerialData(ObjectOutputStream.java:1493)
	at java.io.ObjectOutputStream.writeOrdinaryObject(ObjectOutputStream.java:1416)
	at java.io.ObjectOutputStream.writeObject0(ObjectOutputStream.java:1174)
	at java.io.ObjectOutputStream.writeObject(ObjectOutputStream.java:346)
	at org.apache.catalina.session.StandardSession.writeObject(StandardSession.java:1515)
	at org.apache.catalina.session.StandardSession.writeObjectData(StandardSession.java:959)
	at org.apache.catalina.session.StandardManager.doUnload(StandardManager.java:517)
	at org.apache.catalina.session.StandardManager.unload(StandardManager.java:463)
	at org.apache.catalina.session.StandardManager.stop(StandardManager.java:667)
	at org.apache.catalina.core.StandardContext.stop(StandardContext.java:4512)
	at org.apache.catalina.core.ContainerBase.removeChild(ContainerBase.java:924)
	at org.apache.catalina.startup.HostConfig.undeployApps(HostConfig.java:1189)
	at org.apache.catalina.startup.HostConfig.stop(HostConfig.java:1160)
	at org.apache.catalina.startup.HostConfig.lifecycleEvent(HostConfig.java:313)
	at org.apache.catalina.util.LifecycleSupport.fireLifecycleEvent(LifecycleSupport.java:117)
	at org.apache.catalina.core.ContainerBase.stop(ContainerBase.java:1086)
	at org.apache.catalina.core.ContainerBase.stop(ContainerBase.java:1098)
	at org.apache.catalina.core.StandardEngine.stop(StandardEngine.java:448)
	at org.apache.catalina.core.StandardService.stop(StandardService.java:584)
	at org.apache.catalina.core.StandardServer.stop(StandardServer.java:744)
	at org.apache.catalina.startup.Catalina.stop(Catalina.java:628)
	at org.apache.catalina.startup.Catalina.start(Catalina.java:603)
	at sun.reflect.NativeMethodAccessorImpl.invoke0(Native Method)
	at sun.reflect.NativeMethodAccessorImpl.invoke(NativeMethodAccessorImpl.java:57)
	at sun.reflect.DelegatingMethodAccessorImpl.invoke(DelegatingMethodAccessorImpl.java:43)
	at java.lang.reflect.Method.invoke(Method.java:601)
	at org.apache.catalina.startup.Bootstrap.start(Bootstrap.java:288)
	at org.apache.catalina.startup.Bootstrap.main(Bootstrap.java:413)

