六月 08, 2012 10:55:04 下午 org.apache.catalina.session.StandardSession writeObject
警告: Cannot serialize session attribute CLUSTER_SESSION_IN_HTTP_SESSION for session BBF291E60BAC5E108765BBC32A82C3BA
java.io.NotSerializableException: org.apache.catalina.session.StandardSessionFacade
	at java.io.ObjectOutputStream.writeObject0(ObjectOutputStream.java:1180)
	at java.io.ObjectOutputStream.defaultWriteFields(ObjectOutputStream.java:1528)
	at java.io.ObjectOutputStream.writeSerialData(ObjectOutputStream.java:1493)
	at java.io.ObjectOutputStream.writeOrdinaryObject(ObjectOutputStream.java:1416)
	at java.io.ObjectOutputStream.writeObject0(ObjectOutputStream.java:1174)
	at java.io.ObjectOutputStream.writeObject(ObjectOutputStream.java:346)
	at org.apache.catalina.session.StandardSession.writeObject(StandardSession.java:1515)
	at org.apache.catalina.session.StandardSession.writeObjectData(StandardSession.java:959)
	at org.apache.catalina.session.StandardManager.doUnload(StandardManager.java:517)
	at org.apache.catalina.session.StandardManager.unload(StandardManager.java:463)
	at org.apache.catalina.session.StandardManager.stop(StandardManager.java:667)
	at org.apache.catalina.core.StandardContext.stop(StandardContext.java:4512)
	at org.apache.catalina.core.ContainerBase.removeChild(ContainerBase.java:924)
	at org.apache.catalina.startup.HostConfig.undeployApps(HostConfig.java:1189)
	at org.apache.catalina.startup.HostConfig.stop(HostConfig.java:1160)
	at org.apache.catalina.startup.HostConfig.lifecycleEvent(HostConfig.java:313)
	at org.apache.catalina.util.LifecycleSupport.fireLifecycleEvent(LifecycleSupport.java:117)
	at org.apache.catalina.core.ContainerBase.stop(ContainerBase.java:1086)
	at org.apache.catalina.core.ContainerBase.stop(ContainerBase.java:1098)
	at org.apache.catalina.core.StandardEngine.stop(StandardEngine.java:448)
	at org.apache.catalina.core.StandardService.stop(StandardService.java:584)
	at org.apache.catalina.core.StandardServer.stop(StandardServer.java:744)
	at org.apache.catalina.startup.Catalina.stop(Catalina.java:628)
	at org.apache.catalina.startup.Catalina.start(Catalina.java:603)
	at sun.reflect.NativeMethodAccessorImpl.invoke0(Native Method)
	at sun.reflect.NativeMethodAccessorImpl.invoke(NativeMethodAccessorImpl.java:57)
	at sun.reflect.DelegatingMethodAccessorImpl.invoke(DelegatingMethodAccessorImpl.java:43)
	at java.lang.reflect.Method.invoke(Method.java:601)
	at org.apache.catalina.startup.Bootstrap.start(Bootstrap.java:288)
	at org.apache.catalina.startup.Bootstrap.main(Bootstrap.java:413)

六月 08, 2012 10:55:04 下午 org.apache.catalina.session.StandardSession writeObject
警告: Cannot serialize session attribute CLUSTER_SESSION_IN_HTTP_SESSION for session F482F652F5DBF84B097ADDFABF3FC9AF
java.io.NotSerializableException: org.apache.catalina.session.StandardSessionFacade
	at java.io.ObjectOutputStream.writeObject0(ObjectOutputStream.java:1180)
	at java.io.ObjectOutputStream.defaultWriteFields(ObjectOutputStream.java:1528)
	at java.io.ObjectOutputStream.writeSerialData(ObjectOutputStream.java:1493)
	at java.io.ObjectOutputStream.writeOrdinaryObject(ObjectOutputStream.java:1416)
	at java.io.ObjectOutputStream.writeObject0(ObjectOutputStream.java:1174)
	at java.io.ObjectOutputStream.writeObject(ObjectOutputStream.java:346)
	at org.apache.catalina.session.StandardSession.writeObject(StandardSession.java:1515)
	at org.apache.catalina.session.StandardSession.writeObjectData(StandardSession.java:959)
	at org.apache.catalina.session.StandardManager.doUnload(StandardManager.java:517)
	at org.apache.catalina.session.StandardManager.unload(StandardManager.java:463)
	at org.apache.catalina.session.StandardManager.stop(StandardManager.java:667)
	at org.apache.catalina.core.StandardContext.stop(StandardContext.java:4512)
	at org.apache.catalina.core.ContainerBase.removeChild(ContainerBase.java:924)
	at org.apache.catalina.startup.HostConfig.undeployApps(HostConfig.java:1189)
	at org.apache.catalina.startup.HostConfig.stop(HostConfig.java:1160)
	at org.apache.catalina.startup.HostConfig.lifecycleEvent(HostConfig.java:313)
	at org.apache.catalina.util.LifecycleSupport.fireLifecycleEvent(LifecycleSupport.java:117)
	at org.apache.catalina.core.ContainerBase.stop(ContainerBase.java:1086)
	at org.apache.catalina.core.ContainerBase.stop(ContainerBase.java:1098)
	at org.apache.catalina.core.StandardEngine.stop(StandardEngine.java:448)
	at org.apache.catalina.core.StandardService.stop(StandardService.java:584)
	at org.apache.catalina.core.StandardServer.stop(StandardServer.java:744)
	at org.apache.catalina.startup.Catalina.stop(Catalina.java:628)
	at org.apache.catalina.startup.Catalina.start(Catalina.java:603)
	at sun.reflect.NativeMethodAccessorImpl.invoke0(Native Method)
	at sun.reflect.NativeMethodAccessorImpl.invoke(NativeMethodAccessorImpl.java:57)
	at sun.reflect.DelegatingMethodAccessorImpl.invoke(DelegatingMethodAccessorImpl.java:43)
	at java.lang.reflect.Method.invoke(Method.java:601)
	at org.apache.catalina.startup.Bootstrap.start(Bootstrap.java:288)
	at org.apache.catalina.startup.Bootstrap.main(Bootstrap.java:413)

六月 08, 2012 10:55:04 下午 org.apache.catalina.session.StandardSession writeObject
警告: Cannot serialize session attribute CLUSTER_SESSION_IN_HTTP_SESSION for session F048BD395365C0A43FB1F1E6B589DE50
java.io.NotSerializableException: org.apache.catalina.session.StandardSessionFacade
	at java.io.ObjectOutputStream.writeObject0(ObjectOutputStream.java:1180)
	at java.io.ObjectOutputStream.defaultWriteFields(ObjectOutputStream.java:1528)
	at java.io.ObjectOutputStream.writeSerialData(ObjectOutputStream.java:1493)
	at java.io.ObjectOutputStream.writeOrdinaryObject(ObjectOutputStream.java:1416)
	at java.io.ObjectOutputStream.writeObject0(ObjectOutputStream.java:1174)
	at java.io.ObjectOutputStream.writeObject(ObjectOutputStream.java:346)
	at org.apache.catalina.session.StandardSession.writeObject(StandardSession.java:1515)
	at org.apache.catalina.session.StandardSession.writeObjectData(StandardSession.java:959)
	at org.apache.catalina.session.StandardManager.doUnload(StandardManager.java:517)
	at org.apache.catalina.session.StandardManager.unload(StandardManager.java:463)
	at org.apache.catalina.session.StandardManager.stop(StandardManager.java:667)
	at org.apache.catalina.core.StandardContext.stop(StandardContext.java:4512)
	at org.apache.catalina.core.ContainerBase.removeChild(ContainerBase.java:924)
	at org.apache.catalina.startup.HostConfig.undeployApps(HostConfig.java:1189)
	at org.apache.catalina.startup.HostConfig.stop(HostConfig.java:1160)
	at org.apache.catalina.startup.HostConfig.lifecycleEvent(HostConfig.java:313)
	at org.apache.catalina.util.LifecycleSupport.fireLifecycleEvent(LifecycleSupport.java:117)
	at org.apache.catalina.core.ContainerBase.stop(ContainerBase.java:1086)
	at org.apache.catalina.core.ContainerBase.stop(ContainerBase.java:1098)
	at org.apache.catalina.core.StandardEngine.stop(StandardEngine.java:448)
	at org.apache.catalina.core.StandardService.stop(StandardService.java:584)
	at org.apache.catalina.core.StandardServer.stop(StandardServer.java:744)
	at org.apache.catalina.startup.Catalina.stop(Catalina.java:628)
	at org.apache.catalina.startup.Catalina.start(Catalina.java:603)
	at sun.reflect.NativeMethodAccessorImpl.invoke0(Native Method)
	at sun.reflect.NativeMethodAccessorImpl.invoke(NativeMethodAccessorImpl.java:57)
	at sun.reflect.DelegatingMethodAccessorImpl.invoke(DelegatingMethodAccessorImpl.java:43)
	at java.lang.reflect.Method.invoke(Method.java:601)
	at org.apache.catalina.startup.Bootstrap.start(Bootstrap.java:288)
	at org.apache.catalina.startup.Bootstrap.main(Bootstrap.java:413)

六月 08, 2012 10:55:04 下午 org.apache.catalina.session.StandardSession writeObject
警告: Cannot serialize session attribute CLUSTER_SESSION_IN_HTTP_SESSION for session BF2E4E099746CAE580A45A85DBADE1DA
java.io.NotSerializableException: org.apache.catalina.session.StandardSessionFacade
	at java.io.ObjectOutputStream.writeObject0(ObjectOutputStream.java:1180)
	at java.io.ObjectOutputStream.defaultWriteFields(ObjectOutputStream.java:1528)
	at java.io.ObjectOutputStream.writeSerialData(ObjectOutputStream.java:1493)
	at java.io.ObjectOutputStream.writeOrdinaryObject(ObjectOutputStream.java:1416)
	at java.io.ObjectOutputStream.writeObject0(ObjectOutputStream.java:1174)
	at java.io.ObjectOutputStream.writeObject(ObjectOutputStream.java:346)
	at org.apache.catalina.session.StandardSession.writeObject(StandardSession.java:1515)
	at org.apache.catalina.session.StandardSession.writeObjectData(StandardSession.java:959)
	at org.apache.catalina.session.StandardManager.doUnload(StandardManager.java:517)
	at org.apache.catalina.session.StandardManager.unload(StandardManager.java:463)
	at org.apache.catalina.session.StandardManager.stop(StandardManager.java:667)
	at org.apache.catalina.core.StandardContext.stop(StandardContext.java:4512)
	at org.apache.catalina.core.ContainerBase.removeChild(ContainerBase.java:924)
	at org.apache.catalina.startup.HostConfig.undeployApps(HostConfig.java:1189)
	at org.apache.catalina.startup.HostConfig.stop(HostConfig.java:1160)
	at org.apache.catalina.startup.HostConfig.lifecycleEvent(HostConfig.java:313)
	at org.apache.catalina.util.LifecycleSupport.fireLifecycleEvent(LifecycleSupport.java:117)
	at org.apache.catalina.core.ContainerBase.stop(ContainerBase.java:1086)
	at org.apache.catalina.core.ContainerBase.stop(ContainerBase.java:1098)
	at org.apache.catalina.core.StandardEngine.stop(StandardEngine.java:448)
	at org.apache.catalina.core.StandardService.stop(StandardService.java:584)
	at org.apache.catalina.core.StandardServer.stop(StandardServer.java:744)
	at org.apache.catalina.startup.Catalina.stop(Catalina.java:628)
	at org.apache.catalina.startup.Catalina.start(Catalina.java:603)
	at sun.reflect.NativeMethodAccessorImpl.invoke0(Native Method)
	at sun.reflect.NativeMethodAccessorImpl.invoke(NativeMethodAccessorImpl.java:57)
	at sun.reflect.DelegatingMethodAccessorImpl.invoke(DelegatingMethodAccessorImpl.java:43)
	at java.lang.reflect.Method.invoke(Method.java:601)
	at org.apache.catalina.startup.Bootstrap.start(Bootstrap.java:288)
	at org.apache.catalina.startup.Bootstrap.main(Bootstrap.java:413)

六月 08, 2012 10:55:04 下午 org.apache.catalina.session.StandardSession writeObject
警告: Cannot serialize session attribute CLUSTER_SESSION_IN_HTTP_SESSION for session 01E07D65A4327D537680FFC8AA5A6A93
java.io.NotSerializableException: org.apache.catalina.session.StandardSessionFacade
	at java.io.ObjectOutputStream.writeObject0(ObjectOutputStream.java:1180)
	at java.io.ObjectOutputStream.defaultWriteFields(ObjectOutputStream.java:1528)
	at java.io.ObjectOutputStream.writeSerialData(ObjectOutputStream.java:1493)
	at java.io.ObjectOutputStream.writeOrdinaryObject(ObjectOutputStream.java:1416)
	at java.io.ObjectOutputStream.writeObject0(ObjectOutputStream.java:1174)
	at java.io.ObjectOutputStream.writeObject(ObjectOutputStream.java:346)
	at org.apache.catalina.session.StandardSession.writeObject(StandardSession.java:1515)
	at org.apache.catalina.session.StandardSession.writeObjectData(StandardSession.java:959)
	at org.apache.catalina.session.StandardManager.doUnload(StandardManager.java:517)
	at org.apache.catalina.session.StandardManager.unload(StandardManager.java:463)
	at org.apache.catalina.session.StandardManager.stop(StandardManager.java:667)
	at org.apache.catalina.core.StandardContext.stop(StandardContext.java:4512)
	at org.apache.catalina.core.ContainerBase.removeChild(ContainerBase.java:924)
	at org.apache.catalina.startup.HostConfig.undeployApps(HostConfig.java:1189)
	at org.apache.catalina.startup.HostConfig.stop(HostConfig.java:1160)
	at org.apache.catalina.startup.HostConfig.lifecycleEvent(HostConfig.java:313)
	at org.apache.catalina.util.LifecycleSupport.fireLifecycleEvent(LifecycleSupport.java:117)
	at org.apache.catalina.core.ContainerBase.stop(ContainerBase.java:1086)
	at org.apache.catalina.core.ContainerBase.stop(ContainerBase.java:1098)
	at org.apache.catalina.core.StandardEngine.stop(StandardEngine.java:448)
	at org.apache.catalina.core.StandardService.stop(StandardService.java:584)
	at org.apache.catalina.core.StandardServer.stop(StandardServer.java:744)
	at org.apache.catalina.startup.Catalina.stop(Catalina.java:628)
	at org.apache.catalina.startup.Catalina.start(Catalina.java:603)
	at sun.reflect.NativeMethodAccessorImpl.invoke0(Native Method)
	at sun.reflect.NativeMethodAccessorImpl.invoke(NativeMethodAccessorImpl.java:57)
	at sun.reflect.DelegatingMethodAccessorImpl.invoke(DelegatingMethodAccessorImpl.java:43)
	at java.lang.reflect.Method.invoke(Method.java:601)
	at org.apache.catalina.startup.Bootstrap.start(Bootstrap.java:288)
	at org.apache.catalina.startup.Bootstrap.main(Bootstrap.java:413)

六月 08, 2012 10:55:04 下午 org.apache.catalina.session.StandardSession writeObject
警告: Cannot serialize session attribute CLUSTER_SESSION_IN_HTTP_SESSION for session 302B6D01F09E5CC17471C0CEEE51D968
java.io.NotSerializableException: org.apache.catalina.session.StandardSessionFacade
	at java.io.ObjectOutputStream.writeObject0(ObjectOutputStream.java:1180)
	at java.io.ObjectOutputStream.defaultWriteFields(ObjectOutputStream.java:1528)
	at java.io.ObjectOutputStream.writeSerialData(ObjectOutputStream.java:1493)
	at java.io.ObjectOutputStream.writeOrdinaryObject(ObjectOutputStream.java:1416)
	at java.io.ObjectOutputStream.writeObject0(ObjectOutputStream.java:1174)
	at java.io.ObjectOutputStream.writeObject(ObjectOutputStream.java:346)
	at org.apache.catalina.session.StandardSession.writeObject(StandardSession.java:1515)
	at org.apache.catalina.session.StandardSession.writeObjectData(StandardSession.java:959)
	at org.apache.catalina.session.StandardManager.doUnload(StandardManager.java:517)
	at org.apache.catalina.session.StandardManager.unload(StandardManager.java:463)
	at org.apache.catalina.session.StandardManager.stop(StandardManager.java:667)
	at org.apache.catalina.core.StandardContext.stop(StandardContext.java:4512)
	at org.apache.catalina.core.ContainerBase.removeChild(ContainerBase.java:924)
	at org.apache.catalina.startup.HostConfig.undeployApps(HostConfig.java:1189)
	at org.apache.catalina.startup.HostConfig.stop(HostConfig.java:1160)
	at org.apache.catalina.startup.HostConfig.lifecycleEvent(HostConfig.java:313)
	at org.apache.catalina.util.LifecycleSupport.fireLifecycleEvent(LifecycleSupport.java:117)
	at org.apache.catalina.core.ContainerBase.stop(ContainerBase.java:1086)
	at org.apache.catalina.core.ContainerBase.stop(ContainerBase.java:1098)
	at org.apache.catalina.core.StandardEngine.stop(StandardEngine.java:448)
	at org.apache.catalina.core.StandardService.stop(StandardService.java:584)
	at org.apache.catalina.core.StandardServer.stop(StandardServer.java:744)
	at org.apache.catalina.startup.Catalina.stop(Catalina.java:628)
	at org.apache.catalina.startup.Catalina.start(Catalina.java:603)
	at sun.reflect.NativeMethodAccessorImpl.invoke0(Native Method)
	at sun.reflect.NativeMethodAccessorImpl.invoke(NativeMethodAccessorImpl.java:57)
	at sun.reflect.DelegatingMethodAccessorImpl.invoke(DelegatingMethodAccessorImpl.java:43)
	at java.lang.reflect.Method.invoke(Method.java:601)
	at org.apache.catalina.startup.Bootstrap.start(Bootstrap.java:288)
	at org.apache.catalina.startup.Bootstrap.main(Bootstrap.java:413)

