2011-9-21 15:55:23 org.apache.catalina.core.StandardContext loadOnStartup
严重: Servlet /serv2 threw load() exception
com.xt.bcloud.resource.ResourceException: 服务器[com.xt.bcloud.resource.server.ServerInfo@1f1[oid=null; id=serv-2; name=Albert-Office/192.168.29.252; ip=192.168.29.252; state=null; managerPort=39001; profile=null]]已经注册，请通知系统管理员协助检查此情况。
	at com.xt.bcloud.resource.ResourceService.registerServer(ResourceService.java:67)
	at sun.reflect.NativeMethodAccessorImpl.invoke0(Native Method)
	at sun.reflect.NativeMethodAccessorImpl.invoke(NativeMethodAccessorImpl.java:39)
	at sun.reflect.DelegatingMethodAccessorImpl.invoke(DelegatingMethodAccessorImpl.java:25)
	at java.lang.reflect.Method.invoke(Method.java:597)
	at com.xt.proxy.local.LocalProxy2.execute(LocalProxy2.java:131)
	at com.xt.proxy.local.LocalProxy2.invoke(LocalProxy2.java:118)
	at com.xt.gt.jt.http.GreenTeaGeneralServlet.doPost(GreenTeaGeneralServlet.java:222)
	at javax.servlet.http.HttpServlet.service(HttpServlet.java:710)
	at javax.servlet.http.HttpServlet.service(HttpServlet.java:803)
	at org.apache.catalina.core.ApplicationFilterChain.internalDoFilter(ApplicationFilterChain.java:290)
	at org.apache.catalina.core.ApplicationFilterChain.doFilter(ApplicationFilterChain.java:206)
	at org.apache.catalina.core.StandardWrapperValve.invoke(StandardWrapperValve.java:233)
	at org.apache.catalina.core.StandardContextValve.invoke(StandardContextValve.java:175)
	at org.apache.catalina.core.StandardHostValve.invoke(StandardHostValve.java:128)
	at org.apache.catalina.valves.ErrorReportValve.invoke(ErrorReportValve.java:102)
	at org.apache.catalina.core.StandardEngineValve.invoke(StandardEngineValve.java:109)
	at org.apache.catalina.connector.CoyoteAdapter.service(CoyoteAdapter.java:286)
	at org.apache.coyote.http11.Http11Processor.process(Http11Processor.java:844)
	at org.apache.coyote.http11.Http11Protocol$Http11ConnectionHandler.process(Http11Protocol.java:583)
	at org.apache.tomcat.util.net.JIoEndpoint$Worker.run(JIoEndpoint.java:447)
	at java.lang.Thread.run(Thread.java:619)
2011-9-21 16:26:19 org.apache.catalina.core.StandardContext loadOnStartup
严重: Servlet /serv2 threw load() exception
com.xt.bcloud.resource.ResourceException: 服务器[com.xt.bcloud.resource.server.ServerInfo@1f1[oid=null; id=serv-2; name=Albert-Office/192.168.29.252; ip=192.168.29.252; state=null; managerPort=39001; profile=null]]已经注册，请通知系统管理员协助检查此情况。
	at com.xt.bcloud.resource.ResourceService.registerServer(ResourceService.java:67)
	at sun.reflect.NativeMethodAccessorImpl.invoke0(Native Method)
	at sun.reflect.NativeMethodAccessorImpl.invoke(NativeMethodAccessorImpl.java:39)
	at sun.reflect.DelegatingMethodAccessorImpl.invoke(DelegatingMethodAccessorImpl.java:25)
	at java.lang.reflect.Method.invoke(Method.java:597)
	at com.xt.proxy.local.LocalProxy2.execute(LocalProxy2.java:131)
	at com.xt.proxy.local.LocalProxy2.invoke(LocalProxy2.java:118)
	at com.xt.gt.jt.http.GreenTeaGeneralServlet.doPost(GreenTeaGeneralServlet.java:222)
	at javax.servlet.http.HttpServlet.service(HttpServlet.java:710)
	at javax.servlet.http.HttpServlet.service(HttpServlet.java:803)
	at org.apache.catalina.core.ApplicationFilterChain.internalDoFilter(ApplicationFilterChain.java:290)
	at org.apache.catalina.core.ApplicationFilterChain.doFilter(ApplicationFilterChain.java:206)
	at org.apache.catalina.core.StandardWrapperValve.invoke(StandardWrapperValve.java:233)
	at org.apache.catalina.core.StandardContextValve.invoke(StandardContextValve.java:175)
	at org.apache.catalina.core.StandardHostValve.invoke(StandardHostValve.java:128)
	at org.apache.catalina.valves.ErrorReportValve.invoke(ErrorReportValve.java:102)
	at org.apache.catalina.core.StandardEngineValve.invoke(StandardEngineValve.java:109)
	at org.apache.catalina.connector.CoyoteAdapter.service(CoyoteAdapter.java:286)
	at org.apache.coyote.http11.Http11Processor.process(Http11Processor.java:844)
	at org.apache.coyote.http11.Http11Protocol$Http11ConnectionHandler.process(Http11Protocol.java:583)
	at org.apache.tomcat.util.net.JIoEndpoint$Worker.run(JIoEndpoint.java:447)
	at java.lang.Thread.run(Thread.java:619)
