2011-9-21 14:38:52 org.apache.catalina.core.AprLifecycleListener init
信息: The APR based Apache Tomcat Native library which allows optimal performance in production environments was not found on the java.library.path: D:\Program Files\Java\jdk1.6.0_20\jre\bin;.;C:\Windows\Sun\Java\bin;C:\Windows\system32;C:\Windows;C:\Program Files\Common Files\Microsoft Shared\Windows Live;C:\Program Files\Common Files\NetSarang;C:\Windows\system32;C:\Windows;C:\Windows\System32\Wbem;%JAVA_HOME%\bin;C:\Program Files\Common Files\Thunder Network\KanKan\Codecs;D:\apache-ant-1.7.1\bin;C:\Program Files\Windows Live\Shared;C:\Windows\System32\WindowsPowerShell\v1.0\;C:\Program Files\Calibre2\;D:\Program Files\QuickTime\QTSystem\;D:\Program Files\TortoiseSVN\bin;d:\Program Files\jprofiler6\bin\windows;d:\Program Files\SSH Communications Security\SSH Secure Shell;D:\android-sdk-windows\tools;D:\Python27
2011-9-21 14:38:52 org.apache.coyote.http11.Http11Protocol init
信息: Initializing Coyote HTTP/1.1 on http-39001
2011-9-21 14:38:52 org.apache.catalina.startup.Catalina load
信息: Initialization processed in 1186 ms
2011-9-21 14:38:52 org.apache.catalina.realm.JAASRealm setContainer
信息: Set JAAS app name Catalina
2011-9-21 14:38:52 org.apache.catalina.core.StandardService start
信息: Starting service Catalina
2011-9-21 14:38:52 org.apache.catalina.core.StandardEngine start
信息: Starting Servlet Engine: Apache Tomcat/6.0.16
2011-9-21 14:38:54 org.apache.coyote.http11.Http11Protocol start
信息: Starting Coyote HTTP/1.1 on http-39001
2011-9-21 14:38:54 org.apache.jk.common.ChannelSocket init
信息: JK: ajp13 listening on /0.0.0.0:39009
2011-9-21 14:38:54 org.apache.jk.server.JkMain start
信息: Jk running ID=0 time=0/30  config=null
2011-9-21 14:38:54 org.apache.catalina.startup.Catalina start
信息: Server startup in 2075 ms
2011-9-21 14:52:37 org.apache.coyote.http11.Http11Protocol init
信息: Initializing Coyote HTTP/1.1 on http-28661
2011-9-21 14:52:37 org.apache.catalina.startup.Embedded start
信息: Starting tomcat server
2011-9-21 14:52:37 org.apache.catalina.core.StandardService initialize
信息: This service has already been initialized
2011-9-21 14:52:37 org.apache.catalina.core.StandardService start
信息: Starting service null
2011-9-21 14:52:37 org.apache.catalina.core.StandardEngine start
信息: Starting Servlet Engine: Apache Tomcat/6.0.16
2011-9-21 14:52:37 org.apache.catalina.realm.JAASRealm setContainer
信息: Set JAAS app name Catalina-00001-1316587957590
2011-9-21 14:52:37 org.apache.catalina.core.StandardEngine start
信息: Starting Servlet Engine: Apache Tomcat/6.0.16
2011-9-21 14:52:37 org.apache.catalina.core.ContainerBase start
信息: Container org.apache.catalina.core.ContainerBase.[Catalina-00001-1316587957590] has already been started
2011-9-21 14:52:37 org.apache.catalina.connector.Connector initialize
信息: The connector has already been initialized
2011-9-21 14:52:37 org.apache.coyote.http11.Http11Protocol start
信息: Starting Coyote HTTP/1.1 on http-28661
2011-9-21 15:06:00 org.apache.catalina.core.AprLifecycleListener init
信息: The APR based Apache Tomcat Native library which allows optimal performance in production environments was not found on the java.library.path: D:\Program Files\Java\jdk1.6.0_20\jre\bin;.;C:\Windows\Sun\Java\bin;C:\Windows\system32;C:\Windows;C:\Program Files\Common Files\Microsoft Shared\Windows Live;C:\Program Files\Common Files\NetSarang;C:\Windows\system32;C:\Windows;C:\Windows\System32\Wbem;%JAVA_HOME%\bin;C:\Program Files\Common Files\Thunder Network\KanKan\Codecs;D:\apache-ant-1.7.1\bin;C:\Program Files\Windows Live\Shared;C:\Windows\System32\WindowsPowerShell\v1.0\;C:\Program Files\Calibre2\;D:\Program Files\QuickTime\QTSystem\;D:\Program Files\TortoiseSVN\bin;d:\Program Files\jprofiler6\bin\windows;d:\Program Files\SSH Communications Security\SSH Secure Shell;D:\android-sdk-windows\tools;D:\Python27
2011-9-21 15:06:00 org.apache.coyote.http11.Http11Protocol init
信息: Initializing Coyote HTTP/1.1 on http-39001
2011-9-21 15:06:00 org.apache.catalina.startup.Catalina load
信息: Initialization processed in 409 ms
2011-9-21 15:06:00 org.apache.catalina.realm.JAASRealm setContainer
信息: Set JAAS app name Catalina
2011-9-21 15:06:00 org.apache.catalina.core.StandardService start
信息: Starting service Catalina
2011-9-21 15:06:00 org.apache.catalina.core.StandardEngine start
信息: Starting Servlet Engine: Apache Tomcat/6.0.16
2011-9-21 15:06:01 org.apache.coyote.http11.Http11Protocol start
信息: Starting Coyote HTTP/1.1 on http-39001
2011-9-21 15:06:01 org.apache.jk.common.ChannelSocket init
信息: JK: ajp13 listening on /0.0.0.0:39009
2011-9-21 15:06:01 org.apache.jk.server.JkMain start
信息: Jk running ID=0 time=0/21  config=null
2011-9-21 15:06:01 org.apache.catalina.startup.Catalina start
信息: Server startup in 937 ms
2011-9-21 15:08:26 org.apache.coyote.http11.Http11Protocol init
信息: Initializing Coyote HTTP/1.1 on http-27785
2011-9-21 15:08:26 org.apache.catalina.startup.Embedded start
信息: Starting tomcat server
2011-9-21 15:08:26 org.apache.catalina.core.StandardService initialize
信息: This service has already been initialized
2011-9-21 15:08:26 org.apache.catalina.core.StandardService start
信息: Starting service null
2011-9-21 15:08:26 org.apache.catalina.core.StandardEngine start
信息: Starting Servlet Engine: Apache Tomcat/6.0.16
2011-9-21 15:08:26 org.apache.catalina.realm.JAASRealm setContainer
信息: Set JAAS app name Catalina-00001-1316588906576
2011-9-21 15:08:26 org.apache.catalina.core.StandardEngine start
信息: Starting Servlet Engine: Apache Tomcat/6.0.16
2011-9-21 15:08:26 org.apache.catalina.core.ContainerBase start
信息: Container org.apache.catalina.core.ContainerBase.[Catalina-00001-1316588906576] has already been started
2011-9-21 15:08:26 org.apache.catalina.connector.Connector initialize
信息: The connector has already been initialized
2011-9-21 15:08:26 org.apache.coyote.http11.Http11Protocol start
信息: Starting Coyote HTTP/1.1 on http-27785
2011-9-21 15:17:48 org.apache.coyote.http11.Http11Protocol destroy
信息: Stopping Coyote HTTP/1.1 on http-27785
2011-9-21 15:25:10 org.apache.catalina.core.AprLifecycleListener init
信息: The APR based Apache Tomcat Native library which allows optimal performance in production environments was not found on the java.library.path: D:\Program Files\Java\jdk1.6.0_20\jre\bin;.;C:\Windows\Sun\Java\bin;C:\Windows\system32;C:\Windows;C:\Program Files\Common Files\Microsoft Shared\Windows Live;C:\Program Files\Common Files\NetSarang;C:\Windows\system32;C:\Windows;C:\Windows\System32\Wbem;%JAVA_HOME%\bin;C:\Program Files\Common Files\Thunder Network\KanKan\Codecs;D:\apache-ant-1.7.1\bin;C:\Program Files\Windows Live\Shared;C:\Windows\System32\WindowsPowerShell\v1.0\;C:\Program Files\Calibre2\;D:\Program Files\QuickTime\QTSystem\;D:\Program Files\TortoiseSVN\bin;d:\Program Files\jprofiler6\bin\windows;d:\Program Files\SSH Communications Security\SSH Secure Shell;D:\android-sdk-windows\tools;D:\Python27
2011-9-21 15:25:10 org.apache.coyote.http11.Http11Protocol init
信息: Initializing Coyote HTTP/1.1 on http-39001
2011-9-21 15:25:10 org.apache.catalina.startup.Catalina load
信息: Initialization processed in 366 ms
2011-9-21 15:25:10 org.apache.catalina.realm.JAASRealm setContainer
信息: Set JAAS app name Catalina
2011-9-21 15:25:10 org.apache.catalina.core.StandardService start
信息: Starting service Catalina
2011-9-21 15:25:10 org.apache.catalina.core.StandardEngine start
信息: Starting Servlet Engine: Apache Tomcat/6.0.16
2011-9-21 15:25:10 org.apache.coyote.http11.Http11Protocol start
信息: Starting Coyote HTTP/1.1 on http-39001
2011-9-21 15:25:11 org.apache.jk.common.ChannelSocket init
信息: JK: ajp13 listening on /0.0.0.0:39009
2011-9-21 15:25:11 org.apache.jk.server.JkMain start
信息: Jk running ID=0 time=0/25  config=null
2011-9-21 15:25:11 org.apache.catalina.startup.Catalina start
信息: Server startup in 921 ms
2011-9-21 15:25:57 org.apache.coyote.http11.Http11Protocol init
信息: Initializing Coyote HTTP/1.1 on http-21392
2011-9-21 15:25:57 org.apache.catalina.startup.Embedded start
信息: Starting tomcat server
2011-9-21 15:25:57 org.apache.catalina.core.StandardService initialize
信息: This service has already been initialized
2011-9-21 15:25:57 org.apache.catalina.core.StandardService start
信息: Starting service null
2011-9-21 15:25:57 org.apache.catalina.core.StandardEngine start
信息: Starting Servlet Engine: Apache Tomcat/6.0.16
2011-9-21 15:25:57 org.apache.catalina.loader.WebappClassLoader validateJarFile
信息: validateJarFile(E:\work\xthinker\B-Cloud\workspace\temp\604025c9-d06e-470f-990f-9a9ebd19e85c\WEB-INF\lib\servlet-api.jar) - jar not loaded. See Servlet Spec 2.3, section 9.7.2. Offending class: javax/servlet/Servlet.class
2011-9-21 15:25:57 org.apache.catalina.loader.WebappClassLoader validateJarFile
信息: validateJarFile(E:\work\xthinker\B-Cloud\workspace\temp\604025c9-d06e-470f-990f-9a9ebd19e85c\WEB-INF\lib\servlet.jar) - jar not loaded. See Servlet Spec 2.3, section 9.7.2. Offending class: javax/servlet/Servlet.class
2011-9-21 15:26:24 net.sf.ehcache.distribution.jgroups.JGroupManager <init>
信息: notificationBus.getChannel().getView() is [Albert-Office-59297|0] [Albert-Office-59297]
2011-9-21 15:26:24 net.sf.ehcache.distribution.jgroups.JGroupManager <init>
信息: JGroupManager started. address is Albert-Office-59297
2011-9-21 15:26:24 net.sf.ehcache.distribution.jgroups.JGroupsBootstrapCacheLoader acquireCachePeers
信息: Attempting to acquire cache peers for cache appsCache to bootstrap from. Will wait up to 0ms for cache to join cluster.
2011-9-21 15:26:24 net.sf.ehcache.distribution.jgroups.JGroupsBootstrapCacheLoader acquireCachePeers
信息: waiting...
2011-9-21 15:26:24 org.apache.catalina.realm.JAASRealm setContainer
信息: Set JAAS app name Catalina-00001-1316589957650
2011-9-21 15:26:24 org.apache.catalina.core.StandardEngine start
信息: Starting Servlet Engine: Apache Tomcat/6.0.16
2011-9-21 15:26:24 org.apache.catalina.core.ContainerBase start
信息: Container org.apache.catalina.core.ContainerBase.[Catalina-00001-1316589957650] has already been started
2011-9-21 15:26:24 org.apache.catalina.connector.Connector initialize
信息: The connector has already been initialized
2011-9-21 15:26:24 org.apache.coyote.http11.Http11Protocol start
信息: Starting Coyote HTTP/1.1 on http-21392
2011-9-21 15:26:25 net.sf.ehcache.distribution.jgroups.JGroupsBootstrapCacheLoader acquireCachePeers
信息: cache peers: 1
2011-9-21 15:26:25 net.sf.ehcache.distribution.jgroups.JGroupsBootstrapCacheLoader doLoad
信息: This is the first node to start: no cache bootstrap for appsCache
2011-9-21 15:27:00 org.apache.coyote.http11.Http11Protocol destroy
信息: Stopping Coyote HTTP/1.1 on http-21392
2011-9-21 15:37:12 org.apache.catalina.core.AprLifecycleListener init
信息: The APR based Apache Tomcat Native library which allows optimal performance in production environments was not found on the java.library.path: D:\Program Files\Java\jdk1.6.0_20\jre\bin;.;C:\Windows\Sun\Java\bin;C:\Windows\system32;C:\Windows;C:\Program Files\Common Files\Microsoft Shared\Windows Live;C:\Program Files\Common Files\NetSarang;C:\Windows\system32;C:\Windows;C:\Windows\System32\Wbem;%JAVA_HOME%\bin;C:\Program Files\Common Files\Thunder Network\KanKan\Codecs;D:\apache-ant-1.7.1\bin;C:\Program Files\Windows Live\Shared;C:\Windows\System32\WindowsPowerShell\v1.0\;C:\Program Files\Calibre2\;D:\Program Files\QuickTime\QTSystem\;D:\Program Files\TortoiseSVN\bin;d:\Program Files\jprofiler6\bin\windows;d:\Program Files\SSH Communications Security\SSH Secure Shell;D:\android-sdk-windows\tools;D:\Python27
2011-9-21 15:37:12 org.apache.coyote.http11.Http11Protocol init
信息: Initializing Coyote HTTP/1.1 on http-39001
2011-9-21 15:37:12 org.apache.catalina.startup.Catalina load
信息: Initialization processed in 358 ms
2011-9-21 15:37:12 org.apache.catalina.realm.JAASRealm setContainer
信息: Set JAAS app name Catalina
2011-9-21 15:37:12 org.apache.catalina.core.StandardService start
信息: Starting service Catalina
2011-9-21 15:37:12 org.apache.catalina.core.StandardEngine start
信息: Starting Servlet Engine: Apache Tomcat/6.0.16
2011-9-21 15:37:13 org.apache.coyote.http11.Http11Protocol start
信息: Starting Coyote HTTP/1.1 on http-39001
2011-9-21 15:37:13 org.apache.jk.common.ChannelSocket init
信息: JK: ajp13 listening on /0.0.0.0:39009
2011-9-21 15:37:13 org.apache.jk.server.JkMain start
信息: Jk running ID=0 time=0/23  config=null
2011-9-21 15:37:13 org.apache.catalina.startup.Catalina start
信息: Server startup in 934 ms
2011-9-21 15:37:51 org.apache.coyote.http11.Http11Protocol init
信息: Initializing Coyote HTTP/1.1 on http-22784
2011-9-21 15:37:51 org.apache.catalina.startup.Embedded start
信息: Starting tomcat server
2011-9-21 15:37:51 org.apache.catalina.core.StandardService initialize
信息: This service has already been initialized
2011-9-21 15:37:51 org.apache.catalina.core.StandardService start
信息: Starting service null
2011-9-21 15:37:51 org.apache.catalina.core.StandardEngine start
信息: Starting Servlet Engine: Apache Tomcat/6.0.16
2011-9-21 15:37:51 org.apache.catalina.loader.WebappClassLoader validateJarFile
信息: validateJarFile(E:\work\xthinker\B-Cloud\workspace\temp\aab8466e-4c67-4916-8c2d-3c89bcdb6b2e\WEB-INF\lib\servlet-api.jar) - jar not loaded. See Servlet Spec 2.3, section 9.7.2. Offending class: javax/servlet/Servlet.class
2011-9-21 15:37:51 org.apache.catalina.loader.WebappClassLoader validateJarFile
信息: validateJarFile(E:\work\xthinker\B-Cloud\workspace\temp\aab8466e-4c67-4916-8c2d-3c89bcdb6b2e\WEB-INF\lib\servlet.jar) - jar not loaded. See Servlet Spec 2.3, section 9.7.2. Offending class: javax/servlet/Servlet.class
2011-9-21 15:38:14 net.sf.ehcache.distribution.jgroups.JGroupManager <init>
信息: notificationBus.getChannel().getView() is [Albert-Office-9667|0] [Albert-Office-9667]
2011-9-21 15:38:14 net.sf.ehcache.distribution.jgroups.JGroupManager <init>
信息: JGroupManager started. address is Albert-Office-9667
2011-9-21 15:38:14 net.sf.ehcache.distribution.jgroups.JGroupsBootstrapCacheLoader acquireCachePeers
信息: Attempting to acquire cache peers for cache appsCache to bootstrap from. Will wait up to 0ms for cache to join cluster.
2011-9-21 15:38:14 net.sf.ehcache.distribution.jgroups.JGroupsBootstrapCacheLoader acquireCachePeers
信息: waiting...
2011-9-21 15:38:15 org.apache.catalina.realm.JAASRealm setContainer
信息: Set JAAS app name Catalina-00001-1316590671031
2011-9-21 15:38:15 org.apache.catalina.core.StandardEngine start
信息: Starting Servlet Engine: Apache Tomcat/6.0.16
2011-9-21 15:38:15 org.apache.catalina.core.ContainerBase start
信息: Container org.apache.catalina.core.ContainerBase.[Catalina-00001-1316590671031] has already been started
2011-9-21 15:38:15 org.apache.catalina.connector.Connector initialize
信息: The connector has already been initialized
2011-9-21 15:38:15 org.apache.coyote.http11.Http11Protocol start
信息: Starting Coyote HTTP/1.1 on http-22784
2011-9-21 15:38:16 net.sf.ehcache.distribution.jgroups.JGroupsBootstrapCacheLoader acquireCachePeers
信息: cache peers: 1
2011-9-21 15:38:16 net.sf.ehcache.distribution.jgroups.JGroupsBootstrapCacheLoader doLoad
信息: This is the first node to start: no cache bootstrap for appsCache
2011-9-21 15:42:32 org.apache.catalina.core.AprLifecycleListener init
信息: The APR based Apache Tomcat Native library which allows optimal performance in production environments was not found on the java.library.path: D:\Program Files\Java\jdk1.6.0_20\jre\bin;.;C:\Windows\Sun\Java\bin;C:\Windows\system32;C:\Windows;C:\Program Files\Common Files\Microsoft Shared\Windows Live;C:\Program Files\Common Files\NetSarang;C:\Windows\system32;C:\Windows;C:\Windows\System32\Wbem;%JAVA_HOME%\bin;C:\Program Files\Common Files\Thunder Network\KanKan\Codecs;D:\apache-ant-1.7.1\bin;C:\Program Files\Windows Live\Shared;C:\Windows\System32\WindowsPowerShell\v1.0\;C:\Program Files\Calibre2\;D:\Program Files\QuickTime\QTSystem\;D:\Program Files\TortoiseSVN\bin;d:\Program Files\jprofiler6\bin\windows;d:\Program Files\SSH Communications Security\SSH Secure Shell;D:\android-sdk-windows\tools;D:\Python27
2011-9-21 15:42:32 org.apache.coyote.http11.Http11Protocol init
信息: Initializing Coyote HTTP/1.1 on http-39001
2011-9-21 15:42:32 org.apache.catalina.startup.Catalina load
信息: Initialization processed in 364 ms
2011-9-21 15:42:32 org.apache.catalina.realm.JAASRealm setContainer
信息: Set JAAS app name Catalina
2011-9-21 15:42:32 org.apache.catalina.core.StandardService start
信息: Starting service Catalina
2011-9-21 15:42:32 org.apache.catalina.core.StandardEngine start
信息: Starting Servlet Engine: Apache Tomcat/6.0.16
2011-9-21 15:42:33 org.apache.coyote.http11.Http11Protocol start
信息: Starting Coyote HTTP/1.1 on http-39001
2011-9-21 15:42:33 org.apache.jk.common.ChannelSocket init
信息: JK: ajp13 listening on /0.0.0.0:39009
2011-9-21 15:42:33 org.apache.jk.server.JkMain start
信息: Jk running ID=0 time=0/19  config=null
2011-9-21 15:42:33 org.apache.catalina.startup.Catalina start
信息: Server startup in 923 ms
2011-9-21 15:49:11 org.apache.coyote.http11.Http11Protocol init
信息: Initializing Coyote HTTP/1.1 on http-26233
2011-9-21 15:49:11 org.apache.catalina.startup.Embedded start
信息: Starting tomcat server
2011-9-21 15:49:11 org.apache.catalina.core.StandardService initialize
信息: This service has already been initialized
2011-9-21 15:49:11 org.apache.catalina.core.StandardService start
信息: Starting service null
2011-9-21 15:49:11 org.apache.catalina.core.StandardEngine start
信息: Starting Servlet Engine: Apache Tomcat/6.0.16
2011-9-21 15:49:11 org.apache.catalina.loader.WebappClassLoader validateJarFile
信息: validateJarFile(E:\work\xthinker\B-Cloud\workspace\temp\8e217fe1-5e44-43c2-9ccf-02abaaef29dc\WEB-INF\lib\servlet-api.jar) - jar not loaded. See Servlet Spec 2.3, section 9.7.2. Offending class: javax/servlet/Servlet.class
2011-9-21 15:49:11 org.apache.catalina.loader.WebappClassLoader validateJarFile
信息: validateJarFile(E:\work\xthinker\B-Cloud\workspace\temp\8e217fe1-5e44-43c2-9ccf-02abaaef29dc\WEB-INF\lib\servlet.jar) - jar not loaded. See Servlet Spec 2.3, section 9.7.2. Offending class: javax/servlet/Servlet.class
2011-9-21 15:49:34 net.sf.ehcache.distribution.jgroups.JGroupManager <init>
信息: notificationBus.getChannel().getView() is [Albert-Office-46733|0] [Albert-Office-46733]
2011-9-21 15:49:34 net.sf.ehcache.distribution.jgroups.JGroupManager <init>
信息: JGroupManager started. address is Albert-Office-46733
2011-9-21 15:49:35 net.sf.ehcache.distribution.jgroups.JGroupsBootstrapCacheLoader acquireCachePeers
信息: Attempting to acquire cache peers for cache appsCache to bootstrap from. Will wait up to 0ms for cache to join cluster.
2011-9-21 15:49:35 net.sf.ehcache.distribution.jgroups.JGroupsBootstrapCacheLoader acquireCachePeers
信息: waiting...
2011-9-21 15:49:35 org.apache.catalina.realm.JAASRealm setContainer
信息: Set JAAS app name Catalina-00001-1316591351165
2011-9-21 15:49:35 org.apache.catalina.core.StandardEngine start
信息: Starting Servlet Engine: Apache Tomcat/6.0.16
2011-9-21 15:49:35 org.apache.catalina.core.ContainerBase start
信息: Container org.apache.catalina.core.ContainerBase.[Catalina-00001-1316591351165] has already been started
2011-9-21 15:49:35 org.apache.catalina.connector.Connector initialize
信息: The connector has already been initialized
2011-9-21 15:49:35 org.apache.coyote.http11.Http11Protocol start
信息: Starting Coyote HTTP/1.1 on http-26233
2011-9-21 15:49:36 net.sf.ehcache.distribution.jgroups.JGroupsBootstrapCacheLoader acquireCachePeers
信息: cache peers: 1
2011-9-21 15:49:36 net.sf.ehcache.distribution.jgroups.JGroupsBootstrapCacheLoader doLoad
信息: This is the first node to start: no cache bootstrap for appsCache
2011-9-21 15:51:54 org.apache.catalina.core.AprLifecycleListener init
信息: The APR based Apache Tomcat Native library which allows optimal performance in production environments was not found on the java.library.path: D:\Program Files\Java\jdk1.6.0_20\jre\bin;.;C:\Windows\Sun\Java\bin;C:\Windows\system32;C:\Windows;C:\Program Files\Common Files\Microsoft Shared\Windows Live;C:\Program Files\Common Files\NetSarang;C:\Windows\system32;C:\Windows;C:\Windows\System32\Wbem;%JAVA_HOME%\bin;C:\Program Files\Common Files\Thunder Network\KanKan\Codecs;D:\apache-ant-1.7.1\bin;C:\Program Files\Windows Live\Shared;C:\Windows\System32\WindowsPowerShell\v1.0\;C:\Program Files\Calibre2\;D:\Program Files\QuickTime\QTSystem\;D:\Program Files\TortoiseSVN\bin;d:\Program Files\jprofiler6\bin\windows;d:\Program Files\SSH Communications Security\SSH Secure Shell;D:\android-sdk-windows\tools;D:\Python27
2011-9-21 15:51:54 org.apache.coyote.http11.Http11Protocol init
信息: Initializing Coyote HTTP/1.1 on http-39001
2011-9-21 15:51:54 org.apache.catalina.startup.Catalina load
信息: Initialization processed in 365 ms
2011-9-21 15:51:54 org.apache.catalina.realm.JAASRealm setContainer
信息: Set JAAS app name Catalina
2011-9-21 15:51:54 org.apache.catalina.core.StandardService start
信息: Starting service Catalina
2011-9-21 15:51:54 org.apache.catalina.core.StandardEngine start
信息: Starting Servlet Engine: Apache Tomcat/6.0.16
2011-9-21 15:51:55 org.apache.coyote.http11.Http11Protocol start
信息: Starting Coyote HTTP/1.1 on http-39001
2011-9-21 15:51:55 org.apache.jk.common.ChannelSocket init
信息: JK: ajp13 listening on /0.0.0.0:39009
2011-9-21 15:51:55 org.apache.jk.server.JkMain start
信息: Jk running ID=0 time=0/21  config=null
2011-9-21 15:51:55 org.apache.catalina.startup.Catalina start
信息: Server startup in 914 ms
2011-9-21 15:55:22 org.apache.catalina.core.AprLifecycleListener init
信息: The APR based Apache Tomcat Native library which allows optimal performance in production environments was not found on the java.library.path: D:\Program Files\Java\jdk1.6.0_20\jre\bin;.;C:\Windows\Sun\Java\bin;C:\Windows\system32;C:\Windows;C:\Program Files\Common Files\Microsoft Shared\Windows Live;C:\Program Files\Common Files\NetSarang;C:\Windows\system32;C:\Windows;C:\Windows\System32\Wbem;%JAVA_HOME%\bin;C:\Program Files\Common Files\Thunder Network\KanKan\Codecs;D:\apache-ant-1.7.1\bin;C:\Program Files\Windows Live\Shared;C:\Windows\System32\WindowsPowerShell\v1.0\;C:\Program Files\Calibre2\;D:\Program Files\QuickTime\QTSystem\;D:\Program Files\TortoiseSVN\bin;d:\Program Files\jprofiler6\bin\windows;d:\Program Files\SSH Communications Security\SSH Secure Shell;D:\android-sdk-windows\tools;D:\Python27
2011-9-21 15:55:23 org.apache.coyote.http11.Http11Protocol init
严重: Error initializing endpoint
java.net.BindException: Address already in use: JVM_Bind:39001
	at org.apache.tomcat.util.net.JIoEndpoint.init(JIoEndpoint.java:501)
	at org.apache.coyote.http11.Http11Protocol.init(Http11Protocol.java:176)
	at org.apache.catalina.connector.Connector.initialize(Connector.java:1058)
	at org.apache.catalina.core.StandardService.initialize(StandardService.java:677)
	at org.apache.catalina.core.StandardServer.initialize(StandardServer.java:795)
	at org.apache.catalina.startup.Catalina.load(Catalina.java:530)
	at org.apache.catalina.startup.Catalina.load(Catalina.java:550)
	at sun.reflect.NativeMethodAccessorImpl.invoke0(Native Method)
	at sun.reflect.NativeMethodAccessorImpl.invoke(NativeMethodAccessorImpl.java:39)
	at sun.reflect.DelegatingMethodAccessorImpl.invoke(DelegatingMethodAccessorImpl.java:25)
	at java.lang.reflect.Method.invoke(Method.java:597)
	at org.apache.catalina.startup.Bootstrap.load(Bootstrap.java:260)
	at org.apache.catalina.startup.Bootstrap.main(Bootstrap.java:412)
2011-9-21 15:55:23 org.apache.catalina.startup.Catalina load
严重: Catalina.start
LifecycleException:  Protocol handler initialization failed: java.net.BindException: Address already in use: JVM_Bind:39001
	at org.apache.catalina.connector.Connector.initialize(Connector.java:1060)
	at org.apache.catalina.core.StandardService.initialize(StandardService.java:677)
	at org.apache.catalina.core.StandardServer.initialize(StandardServer.java:795)
	at org.apache.catalina.startup.Catalina.load(Catalina.java:530)
	at org.apache.catalina.startup.Catalina.load(Catalina.java:550)
	at sun.reflect.NativeMethodAccessorImpl.invoke0(Native Method)
	at sun.reflect.NativeMethodAccessorImpl.invoke(NativeMethodAccessorImpl.java:39)
	at sun.reflect.DelegatingMethodAccessorImpl.invoke(DelegatingMethodAccessorImpl.java:25)
	at java.lang.reflect.Method.invoke(Method.java:597)
	at org.apache.catalina.startup.Bootstrap.load(Bootstrap.java:260)
	at org.apache.catalina.startup.Bootstrap.main(Bootstrap.java:412)
2011-9-21 15:55:23 org.apache.catalina.startup.Catalina load
信息: Initialization processed in 369 ms
2011-9-21 15:55:23 org.apache.catalina.realm.JAASRealm setContainer
信息: Set JAAS app name Catalina
2011-9-21 15:55:23 org.apache.catalina.core.StandardService start
信息: Starting service Catalina
2011-9-21 15:55:23 org.apache.catalina.core.StandardEngine start
信息: Starting Servlet Engine: Apache Tomcat/6.0.16
2011-9-21 15:55:23 org.apache.coyote.http11.Http11Protocol start
严重: Error starting endpoint
java.net.BindException: Address already in use: JVM_Bind:39001
	at org.apache.tomcat.util.net.JIoEndpoint.init(JIoEndpoint.java:501)
	at org.apache.tomcat.util.net.JIoEndpoint.start(JIoEndpoint.java:515)
	at org.apache.coyote.http11.Http11Protocol.start(Http11Protocol.java:203)
	at org.apache.catalina.connector.Connector.start(Connector.java:1131)
	at org.apache.catalina.core.StandardService.start(StandardService.java:531)
	at org.apache.catalina.core.StandardServer.start(StandardServer.java:710)
	at org.apache.catalina.startup.Catalina.start(Catalina.java:578)
	at sun.reflect.NativeMethodAccessorImpl.invoke0(Native Method)
	at sun.reflect.NativeMethodAccessorImpl.invoke(NativeMethodAccessorImpl.java:39)
	at sun.reflect.DelegatingMethodAccessorImpl.invoke(DelegatingMethodAccessorImpl.java:25)
	at java.lang.reflect.Method.invoke(Method.java:597)
	at org.apache.catalina.startup.Bootstrap.start(Bootstrap.java:288)
	at org.apache.catalina.startup.Bootstrap.main(Bootstrap.java:413)
2011-9-21 15:55:23 org.apache.catalina.startup.Catalina start
严重: Catalina.start: 
LifecycleException:  service.getName(): "Catalina";  Protocol handler start failed: java.net.BindException: Address already in use: JVM_Bind:39001
	at org.apache.catalina.connector.Connector.start(Connector.java:1138)
	at org.apache.catalina.core.StandardService.start(StandardService.java:531)
	at org.apache.catalina.core.StandardServer.start(StandardServer.java:710)
	at org.apache.catalina.startup.Catalina.start(Catalina.java:578)
	at sun.reflect.NativeMethodAccessorImpl.invoke0(Native Method)
	at sun.reflect.NativeMethodAccessorImpl.invoke(NativeMethodAccessorImpl.java:39)
	at sun.reflect.DelegatingMethodAccessorImpl.invoke(DelegatingMethodAccessorImpl.java:25)
	at java.lang.reflect.Method.invoke(Method.java:597)
	at org.apache.catalina.startup.Bootstrap.start(Bootstrap.java:288)
	at org.apache.catalina.startup.Bootstrap.main(Bootstrap.java:413)
2011-9-21 15:55:23 org.apache.catalina.startup.Catalina start
信息: Server startup in 889 ms
2011-9-21 15:55:23 org.apache.catalina.core.StandardServer await
严重: StandardServer.await: create[39001]: 
java.net.BindException: Address already in use: JVM_Bind
	at java.net.PlainSocketImpl.socketBind(Native Method)
	at java.net.PlainSocketImpl.bind(PlainSocketImpl.java:365)
	at java.net.ServerSocket.bind(ServerSocket.java:319)
	at java.net.ServerSocket.<init>(ServerSocket.java:185)
	at org.apache.catalina.core.StandardServer.await(StandardServer.java:373)
	at org.apache.catalina.startup.Catalina.await(Catalina.java:642)
	at org.apache.catalina.startup.Catalina.start(Catalina.java:602)
	at sun.reflect.NativeMethodAccessorImpl.invoke0(Native Method)
	at sun.reflect.NativeMethodAccessorImpl.invoke(NativeMethodAccessorImpl.java:39)
	at sun.reflect.DelegatingMethodAccessorImpl.invoke(DelegatingMethodAccessorImpl.java:25)
	at java.lang.reflect.Method.invoke(Method.java:597)
	at org.apache.catalina.startup.Bootstrap.start(Bootstrap.java:288)
	at org.apache.catalina.startup.Bootstrap.main(Bootstrap.java:413)
2011-9-21 15:55:23 org.apache.coyote.http11.Http11Protocol pause
信息: Pausing Coyote HTTP/1.1 on http-39001
2011-9-21 15:55:24 org.apache.catalina.core.StandardService stop
信息: Stopping service Catalina
2011-9-21 15:55:25 org.apache.catalina.connector.MapperListener destroy
警告: Error unregistering MBeanServerDelegate
java.lang.NullPointerException
	at org.apache.catalina.connector.MapperListener.destroy(MapperListener.java:162)
	at org.apache.catalina.connector.Connector.stop(Connector.java:1179)
	at org.apache.catalina.core.StandardService.stop(StandardService.java:593)
	at org.apache.catalina.core.StandardServer.stop(StandardServer.java:744)
	at org.apache.catalina.startup.Catalina.stop(Catalina.java:628)
	at org.apache.catalina.startup.Catalina$CatalinaShutdownHook.run(Catalina.java:671)
2011-9-21 15:55:25 org.apache.coyote.http11.Http11Protocol destroy
信息: Stopping Coyote HTTP/1.1 on http-39001
2011-9-21 15:55:25 org.apache.catalina.connector.Connector stop
严重: Coyote connector has not been started
2011-9-21 15:59:29 org.apache.coyote.http11.Http11Protocol init
信息: Initializing Coyote HTTP/1.1 on http-26847
2011-9-21 15:59:29 org.apache.catalina.startup.Embedded start
信息: Starting tomcat server
2011-9-21 15:59:29 org.apache.catalina.core.StandardService initialize
信息: This service has already been initialized
2011-9-21 15:59:29 org.apache.catalina.core.StandardService start
信息: Starting service null
2011-9-21 15:59:29 org.apache.catalina.core.StandardEngine start
信息: Starting Servlet Engine: Apache Tomcat/6.0.16
2011-9-21 15:59:29 org.apache.catalina.loader.WebappClassLoader validateJarFile
信息: validateJarFile(E:\work\xthinker\B-Cloud\workspace\temp\b9983b98-cd0f-4688-9e53-1ba2a042a183\WEB-INF\lib\servlet-api.jar) - jar not loaded. See Servlet Spec 2.3, section 9.7.2. Offending class: javax/servlet/Servlet.class
2011-9-21 15:59:29 org.apache.catalina.loader.WebappClassLoader validateJarFile
信息: validateJarFile(E:\work\xthinker\B-Cloud\workspace\temp\b9983b98-cd0f-4688-9e53-1ba2a042a183\WEB-INF\lib\servlet.jar) - jar not loaded. See Servlet Spec 2.3, section 9.7.2. Offending class: javax/servlet/Servlet.class
2011-9-21 15:59:49 net.sf.ehcache.distribution.jgroups.JGroupManager <init>
信息: notificationBus.getChannel().getView() is [Albert-Office-48886|1] [Albert-Office-48886, Albert-Office-29399]
2011-9-21 15:59:49 net.sf.ehcache.distribution.jgroups.JGroupManager <init>
信息: JGroupManager started. address is Albert-Office-29399
2011-9-21 15:59:49 net.sf.ehcache.distribution.jgroups.JGroupsBootstrapCacheLoader acquireCachePeers
信息: Attempting to acquire cache peers for cache appsCache to bootstrap from. Will wait up to 0ms for cache to join cluster.
2011-9-21 15:59:49 net.sf.ehcache.distribution.jgroups.JGroupsBootstrapCacheLoader acquireCachePeers
信息: waiting...
2011-9-21 15:59:49 org.apache.catalina.realm.JAASRealm setContainer
信息: Set JAAS app name Catalina-00001-1316591969029
2011-9-21 15:59:49 org.apache.catalina.core.StandardEngine start
信息: Starting Servlet Engine: Apache Tomcat/6.0.16
2011-9-21 15:59:49 org.apache.catalina.core.ContainerBase start
信息: Container org.apache.catalina.core.ContainerBase.[Catalina-00001-1316591969029] has already been started
2011-9-21 15:59:49 org.apache.catalina.connector.Connector initialize
信息: The connector has already been initialized
2011-9-21 15:59:49 org.apache.coyote.http11.Http11Protocol start
信息: Starting Coyote HTTP/1.1 on http-26847
2011-9-21 15:59:50 net.sf.ehcache.distribution.jgroups.JGroupsBootstrapCacheLoader acquireCachePeers
信息: cache peers: 1
2011-9-21 15:59:53 net.sf.ehcache.distribution.jgroups.JGroupsBootstrapCacheLoader doLoad
信息: Bootstrap for cache appsCache has loaded 4 elements
2011-9-21 16:04:09 net.sf.ehcache.distribution.jgroups.JGroupManager memberLeft
信息: left:Albert-Office-48886
2011-9-21 16:06:44 net.sf.ehcache.distribution.jgroups.JGroupManager memberJoined
信息: joined:Albert-Office-54056
2011-9-21 16:10:54 net.sf.ehcache.distribution.jgroups.JGroupManager memberLeft
信息: left:Albert-Office-54056
2011-9-21 16:10:56 org.apache.catalina.core.StandardService stop
信息: Stopping service Catalina
2011-9-21 16:10:56 org.apache.coyote.http11.Http11Protocol destroy
信息: Stopping Coyote HTTP/1.1 on http-39001
2011-9-21 16:10:56 org.apache.catalina.core.StandardServer await
警告: StandardServer.await: Invalid command '' received
2011-9-21 16:10:56 org.apache.coyote.http11.Http11Protocol destroy
信息: Stopping Coyote HTTP/1.1 on http-26847
2011-9-21 16:10:57 org.apache.catalina.core.StandardService stop
信息: Stopping service null
2011-9-21 16:10:57 org.apache.catalina.core.ContainerBase stop
信息: Container org.apache.catalina.core.ContainerBase.[Catalina-00001-1316591969029] has not been started
2011-9-21 16:12:34 org.apache.catalina.core.AprLifecycleListener init
信息: The APR based Apache Tomcat Native library which allows optimal performance in production environments was not found on the java.library.path: D:\Program Files\Java\jdk1.6.0_20\jre\bin;.;C:\Windows\Sun\Java\bin;C:\Windows\system32;C:\Windows;C:\Program Files\Common Files\Microsoft Shared\Windows Live;C:\Program Files\Common Files\NetSarang;C:\Windows\system32;C:\Windows;C:\Windows\System32\Wbem;%JAVA_HOME%\bin;C:\Program Files\Common Files\Thunder Network\KanKan\Codecs;D:\apache-ant-1.7.1\bin;C:\Program Files\Windows Live\Shared;C:\Windows\System32\WindowsPowerShell\v1.0\;C:\Program Files\Calibre2\;D:\Program Files\QuickTime\QTSystem\;D:\Program Files\TortoiseSVN\bin;d:\Program Files\jprofiler6\bin\windows;d:\Program Files\SSH Communications Security\SSH Secure Shell;D:\android-sdk-windows\tools;D:\Python27
2011-9-21 16:12:34 org.apache.coyote.http11.Http11Protocol init
信息: Initializing Coyote HTTP/1.1 on http-39001
2011-9-21 16:12:34 org.apache.catalina.startup.Catalina load
信息: Initialization processed in 388 ms
2011-9-21 16:12:35 org.apache.catalina.realm.JAASRealm setContainer
信息: Set JAAS app name Catalina
2011-9-21 16:12:35 org.apache.catalina.core.StandardService start
信息: Starting service Catalina
2011-9-21 16:12:35 org.apache.catalina.core.StandardEngine start
信息: Starting Servlet Engine: Apache Tomcat/6.0.16
2011-9-21 16:12:35 org.apache.coyote.http11.Http11Protocol start
信息: Starting Coyote HTTP/1.1 on http-39001
2011-9-21 16:12:35 org.apache.jk.common.ChannelSocket init
信息: JK: ajp13 listening on /0.0.0.0:39009
2011-9-21 16:12:35 org.apache.jk.server.JkMain start
信息: Jk running ID=0 time=0/21  config=null
2011-9-21 16:12:35 org.apache.catalina.startup.Catalina start
信息: Server startup in 924 ms
2011-9-21 16:14:59 org.apache.coyote.http11.Http11Protocol init
信息: Initializing Coyote HTTP/1.1 on http-28632
2011-9-21 16:14:59 org.apache.catalina.startup.Embedded start
信息: Starting tomcat server
2011-9-21 16:14:59 org.apache.catalina.core.StandardService initialize
信息: This service has already been initialized
2011-9-21 16:14:59 org.apache.catalina.core.StandardService start
信息: Starting service null
2011-9-21 16:14:59 org.apache.catalina.core.StandardEngine start
信息: Starting Servlet Engine: Apache Tomcat/6.0.16
2011-9-21 16:14:59 org.apache.catalina.loader.WebappClassLoader validateJarFile
信息: validateJarFile(E:\work\xthinker\B-Cloud\workspace\temp\3223b6d4-cd36-4306-a133-4fef4f5efa3d\WEB-INF\lib\servlet-api.jar) - jar not loaded. See Servlet Spec 2.3, section 9.7.2. Offending class: javax/servlet/Servlet.class
2011-9-21 16:14:59 org.apache.catalina.loader.WebappClassLoader validateJarFile
信息: validateJarFile(E:\work\xthinker\B-Cloud\workspace\temp\3223b6d4-cd36-4306-a133-4fef4f5efa3d\WEB-INF\lib\servlet.jar) - jar not loaded. See Servlet Spec 2.3, section 9.7.2. Offending class: javax/servlet/Servlet.class
2011-9-21 16:15:23 net.sf.ehcache.distribution.jgroups.JGroupManager <init>
信息: notificationBus.getChannel().getView() is [Albert-Office-34001|0] [Albert-Office-34001]
2011-9-21 16:15:23 net.sf.ehcache.distribution.jgroups.JGroupManager <init>
信息: JGroupManager started. address is Albert-Office-34001
2011-9-21 16:15:23 net.sf.ehcache.distribution.jgroups.JGroupsBootstrapCacheLoader acquireCachePeers
信息: Attempting to acquire cache peers for cache appsCache to bootstrap from. Will wait up to 0ms for cache to join cluster.
2011-9-21 16:15:23 net.sf.ehcache.distribution.jgroups.JGroupsBootstrapCacheLoader acquireCachePeers
信息: waiting...
2011-9-21 16:15:24 org.apache.catalina.realm.JAASRealm setContainer
信息: Set JAAS app name Catalina-00001-1316592899249
2011-9-21 16:15:24 org.apache.catalina.core.StandardEngine start
信息: Starting Servlet Engine: Apache Tomcat/6.0.16
2011-9-21 16:15:24 org.apache.catalina.core.ContainerBase start
信息: Container org.apache.catalina.core.ContainerBase.[Catalina-00001-1316592899249] has already been started
2011-9-21 16:15:24 org.apache.catalina.connector.Connector initialize
信息: The connector has already been initialized
2011-9-21 16:15:24 org.apache.coyote.http11.Http11Protocol start
信息: Starting Coyote HTTP/1.1 on http-28632
2011-9-21 16:15:24 net.sf.ehcache.distribution.jgroups.JGroupsBootstrapCacheLoader acquireCachePeers
信息: cache peers: 1
2011-9-21 16:15:24 net.sf.ehcache.distribution.jgroups.JGroupsBootstrapCacheLoader doLoad
信息: This is the first node to start: no cache bootstrap for appsCache
2011-9-21 16:15:50 net.sf.ehcache.distribution.jgroups.JGroupManager memberJoined
信息: joined:Albert-Office-15246
2011-9-21 16:17:36 net.sf.ehcache.distribution.jgroups.JGroupManager memberLeft
信息: left:Albert-Office-15246
2011-9-21 16:26:18 org.apache.catalina.core.AprLifecycleListener init
信息: The APR based Apache Tomcat Native library which allows optimal performance in production environments was not found on the java.library.path: D:\Program Files\Java\jdk1.6.0_20\jre\bin;.;C:\Windows\Sun\Java\bin;C:\Windows\system32;C:\Windows;C:\Program Files\Common Files\Microsoft Shared\Windows Live;C:\Program Files\Common Files\NetSarang;C:\Windows\system32;C:\Windows;C:\Windows\System32\Wbem;%JAVA_HOME%\bin;C:\Program Files\Common Files\Thunder Network\KanKan\Codecs;D:\apache-ant-1.7.1\bin;C:\Program Files\Windows Live\Shared;C:\Windows\System32\WindowsPowerShell\v1.0\;C:\Program Files\Calibre2\;D:\Program Files\QuickTime\QTSystem\;D:\Program Files\TortoiseSVN\bin;d:\Program Files\jprofiler6\bin\windows;d:\Program Files\SSH Communications Security\SSH Secure Shell;D:\android-sdk-windows\tools;D:\Python27
2011-9-21 16:26:18 org.apache.coyote.http11.Http11Protocol init
严重: Error initializing endpoint
java.net.BindException: Address already in use: JVM_Bind:39001
	at org.apache.tomcat.util.net.JIoEndpoint.init(JIoEndpoint.java:501)
	at org.apache.coyote.http11.Http11Protocol.init(Http11Protocol.java:176)
	at org.apache.catalina.connector.Connector.initialize(Connector.java:1058)
	at org.apache.catalina.core.StandardService.initialize(StandardService.java:677)
	at org.apache.catalina.core.StandardServer.initialize(StandardServer.java:795)
	at org.apache.catalina.startup.Catalina.load(Catalina.java:530)
	at org.apache.catalina.startup.Catalina.load(Catalina.java:550)
	at sun.reflect.NativeMethodAccessorImpl.invoke0(Native Method)
	at sun.reflect.NativeMethodAccessorImpl.invoke(NativeMethodAccessorImpl.java:39)
	at sun.reflect.DelegatingMethodAccessorImpl.invoke(DelegatingMethodAccessorImpl.java:25)
	at java.lang.reflect.Method.invoke(Method.java:597)
	at org.apache.catalina.startup.Bootstrap.load(Bootstrap.java:260)
	at org.apache.catalina.startup.Bootstrap.main(Bootstrap.java:412)
2011-9-21 16:26:18 org.apache.catalina.startup.Catalina load
严重: Catalina.start
LifecycleException:  Protocol handler initialization failed: java.net.BindException: Address already in use: JVM_Bind:39001
	at org.apache.catalina.connector.Connector.initialize(Connector.java:1060)
	at org.apache.catalina.core.StandardService.initialize(StandardService.java:677)
	at org.apache.catalina.core.StandardServer.initialize(StandardServer.java:795)
	at org.apache.catalina.startup.Catalina.load(Catalina.java:530)
	at org.apache.catalina.startup.Catalina.load(Catalina.java:550)
	at sun.reflect.NativeMethodAccessorImpl.invoke0(Native Method)
	at sun.reflect.NativeMethodAccessorImpl.invoke(NativeMethodAccessorImpl.java:39)
	at sun.reflect.DelegatingMethodAccessorImpl.invoke(DelegatingMethodAccessorImpl.java:25)
	at java.lang.reflect.Method.invoke(Method.java:597)
	at org.apache.catalina.startup.Bootstrap.load(Bootstrap.java:260)
	at org.apache.catalina.startup.Bootstrap.main(Bootstrap.java:412)
2011-9-21 16:26:18 org.apache.catalina.startup.Catalina load
信息: Initialization processed in 369 ms
2011-9-21 16:26:18 org.apache.catalina.realm.JAASRealm setContainer
信息: Set JAAS app name Catalina
2011-9-21 16:26:18 org.apache.catalina.core.StandardService start
信息: Starting service Catalina
2011-9-21 16:26:18 org.apache.catalina.core.StandardEngine start
信息: Starting Servlet Engine: Apache Tomcat/6.0.16
2011-9-21 16:26:19 org.apache.coyote.http11.Http11Protocol start
严重: Error starting endpoint
java.net.BindException: Address already in use: JVM_Bind:39001
	at org.apache.tomcat.util.net.JIoEndpoint.init(JIoEndpoint.java:501)
	at org.apache.tomcat.util.net.JIoEndpoint.start(JIoEndpoint.java:515)
	at org.apache.coyote.http11.Http11Protocol.start(Http11Protocol.java:203)
	at org.apache.catalina.connector.Connector.start(Connector.java:1131)
	at org.apache.catalina.core.StandardService.start(StandardService.java:531)
	at org.apache.catalina.core.StandardServer.start(StandardServer.java:710)
	at org.apache.catalina.startup.Catalina.start(Catalina.java:578)
	at sun.reflect.NativeMethodAccessorImpl.invoke0(Native Method)
	at sun.reflect.NativeMethodAccessorImpl.invoke(NativeMethodAccessorImpl.java:39)
	at sun.reflect.DelegatingMethodAccessorImpl.invoke(DelegatingMethodAccessorImpl.java:25)
	at java.lang.reflect.Method.invoke(Method.java:597)
	at org.apache.catalina.startup.Bootstrap.start(Bootstrap.java:288)
	at org.apache.catalina.startup.Bootstrap.main(Bootstrap.java:413)
2011-9-21 16:26:19 org.apache.catalina.startup.Catalina start
严重: Catalina.start: 
LifecycleException:  service.getName(): "Catalina";  Protocol handler start failed: java.net.BindException: Address already in use: JVM_Bind:39001
	at org.apache.catalina.connector.Connector.start(Connector.java:1138)
	at org.apache.catalina.core.StandardService.start(StandardService.java:531)
	at org.apache.catalina.core.StandardServer.start(StandardServer.java:710)
	at org.apache.catalina.startup.Catalina.start(Catalina.java:578)
	at sun.reflect.NativeMethodAccessorImpl.invoke0(Native Method)
	at sun.reflect.NativeMethodAccessorImpl.invoke(NativeMethodAccessorImpl.java:39)
	at sun.reflect.DelegatingMethodAccessorImpl.invoke(DelegatingMethodAccessorImpl.java:25)
	at java.lang.reflect.Method.invoke(Method.java:597)
	at org.apache.catalina.startup.Bootstrap.start(Bootstrap.java:288)
	at org.apache.catalina.startup.Bootstrap.main(Bootstrap.java:413)
2011-9-21 16:26:19 org.apache.catalina.startup.Catalina start
信息: Server startup in 853 ms
2011-9-21 16:26:19 org.apache.catalina.core.StandardServer await
严重: StandardServer.await: create[39001]: 
java.net.BindException: Address already in use: JVM_Bind
	at java.net.PlainSocketImpl.socketBind(Native Method)
	at java.net.PlainSocketImpl.bind(PlainSocketImpl.java:365)
	at java.net.ServerSocket.bind(ServerSocket.java:319)
	at java.net.ServerSocket.<init>(ServerSocket.java:185)
	at org.apache.catalina.core.StandardServer.await(StandardServer.java:373)
	at org.apache.catalina.startup.Catalina.await(Catalina.java:642)
	at org.apache.catalina.startup.Catalina.start(Catalina.java:602)
	at sun.reflect.NativeMethodAccessorImpl.invoke0(Native Method)
	at sun.reflect.NativeMethodAccessorImpl.invoke(NativeMethodAccessorImpl.java:39)
	at sun.reflect.DelegatingMethodAccessorImpl.invoke(DelegatingMethodAccessorImpl.java:25)
	at java.lang.reflect.Method.invoke(Method.java:597)
	at org.apache.catalina.startup.Bootstrap.start(Bootstrap.java:288)
	at org.apache.catalina.startup.Bootstrap.main(Bootstrap.java:413)
2011-9-21 16:26:19 org.apache.catalina.connector.Connector pause
严重: Protocol handler pause failed
java.lang.NullPointerException
	at org.apache.jk.server.JkMain.pause(JkMain.java:679)
	at org.apache.jk.server.JkCoyoteHandler.pause(JkCoyoteHandler.java:153)
	at org.apache.catalina.connector.Connector.pause(Connector.java:1073)
	at org.apache.catalina.core.StandardService.stop(StandardService.java:563)
	at org.apache.catalina.core.StandardServer.stop(StandardServer.java:744)
	at org.apache.catalina.startup.Catalina.stop(Catalina.java:628)
	at org.apache.catalina.startup.Catalina$CatalinaShutdownHook.run(Catalina.java:671)
2011-9-21 16:26:20 org.apache.catalina.core.StandardService stop
信息: Stopping service Catalina
2011-9-21 16:26:20 org.apache.catalina.connector.MapperListener destroy
警告: Error unregistering MBeanServerDelegate
java.lang.NullPointerException
	at org.apache.catalina.connector.MapperListener.destroy(MapperListener.java:162)
	at org.apache.catalina.connector.Connector.stop(Connector.java:1179)
	at org.apache.catalina.core.StandardService.stop(StandardService.java:593)
	at org.apache.catalina.core.StandardServer.stop(StandardServer.java:744)
	at org.apache.catalina.startup.Catalina.stop(Catalina.java:628)
	at org.apache.catalina.startup.Catalina$CatalinaShutdownHook.run(Catalina.java:671)
2011-9-21 16:26:20 org.apache.coyote.http11.Http11Protocol destroy
信息: Stopping Coyote HTTP/1.1 on http-39001
2011-9-21 16:26:20 org.apache.catalina.connector.Connector stop
严重: Coyote connector has not been started
