五月 06, 2012 11:03:24 上午 org.apache.catalina.startup.Catalina stopServer
严重: Catalina.stop: 
java.net.ConnectException: Connection refused: connect
	at java.net.TwoStacksPlainSocketImpl.socketConnect(Native Method)
	at java.net.AbstractPlainSocketImpl.doConnect(AbstractPlainSocketImpl.java:339)
	at java.net.AbstractPlainSocketImpl.connectToAddress(AbstractPlainSocketImpl.java:200)
	at java.net.AbstractPlainSocketImpl.connect(AbstractPlainSocketImpl.java:182)
	at java.net.PlainSocketImpl.connect(PlainSocketImpl.java:157)
	at java.net.SocksSocketImpl.connect(SocksSocketImpl.java:391)
	at java.net.Socket.connect(Socket.java:579)
	at java.net.Socket.connect(Socket.java:528)
	at java.net.Socket.<init>(Socket.java:425)
	at java.net.Socket.<init>(Socket.java:208)
	at org.apache.catalina.startup.Catalina.stopServer(Catalina.java:421)
	at sun.reflect.NativeMethodAccessorImpl.invoke0(Native Method)
	at sun.reflect.NativeMethodAccessorImpl.invoke(NativeMethodAccessorImpl.java:57)
	at sun.reflect.DelegatingMethodAccessorImpl.invoke(DelegatingMethodAccessorImpl.java:43)
	at java.lang.reflect.Method.invoke(Method.java:601)
	at org.apache.catalina.startup.Bootstrap.stopServer(Bootstrap.java:337)
	at org.apache.catalina.startup.Bootstrap.main(Bootstrap.java:415)

五月 06, 2012 11:03:29 上午 org.apache.catalina.core.AprLifecycleListener init
信息: The APR based Apache Tomcat Native library which allows optimal performance in production environments was not found on the java.library.path: D:\Program Files\Java\jdk1.7.0_03\jre\bin;C:\Windows\Sun\Java\bin;C:\Windows\system32;C:\Windows;C:\Program Files\Common Files\Microsoft Shared\Windows Live;C:\Program Files\Common Files\NetSarang;C:\Windows\system32;C:\Windows;C:\Windows\System32\Wbem;%JAVA_HOME%\bin;C:\Program Files\Common Files\Thunder Network\KanKan\Codecs;D:\apache-ant-1.7.1\bin;C:\Windows\System32\WindowsPowerShell\v1.0\;C:\Program Files\Calibre2\;D:\Program Files\TortoiseSVN\bin;D:\Program Files\QuickTime\QTSystem\;D:\strawberry\c\bin;D:\strawberry\perl\site\bin;D:\strawberry\perl\bin;d:\jruby-1.6.7\bin;d:\Program Files\jprofiler6\bin\windows;d:\Program Files\SSH Communications Security\SSH Secure Shell;D:\android-sdk-windows\tools;D:\Python27;D:\strawberry\perl\bin;d:\Program Files\Nmap;D:\Ruby192\bin;.
五月 06, 2012 11:03:29 上午 org.apache.coyote.http11.Http11Protocol init
信息: Initializing Coyote HTTP/1.1 on http-39001
五月 06, 2012 11:03:29 上午 org.apache.catalina.startup.Catalina load
信息: Initialization processed in 1162 ms
五月 06, 2012 11:03:29 上午 org.apache.catalina.realm.JAASRealm setContainer
信息: Set JAAS app name Catalina
五月 06, 2012 11:03:29 上午 org.apache.catalina.core.StandardService start
信息: Starting service Catalina
五月 06, 2012 11:03:29 上午 org.apache.catalina.core.StandardEngine start
信息: Starting Servlet Engine: Apache Tomcat/6.0.16
五月 06, 2012 11:03:32 上午 org.apache.coyote.http11.Http11Protocol start
信息: Starting Coyote HTTP/1.1 on http-39001
五月 06, 2012 11:03:32 上午 org.apache.jk.common.ChannelSocket init
信息: JK: ajp13 listening on /0.0.0.0:39009
五月 06, 2012 11:03:32 上午 org.apache.jk.server.JkMain start
信息: Jk running ID=0 time=0/123  config=null
五月 06, 2012 11:03:32 上午 org.apache.catalina.startup.Catalina start
信息: Server startup in 3451 ms
五月 06, 2012 11:04:12 上午 org.apache.coyote.http11.Http11Protocol init
信息: Initializing Coyote HTTP/1.1 on http-29211
五月 06, 2012 11:04:12 上午 org.apache.catalina.startup.Embedded start
信息: Starting tomcat server
五月 06, 2012 11:04:12 上午 org.apache.catalina.core.StandardService initialize
信息: This service has already been initialized
五月 06, 2012 11:04:12 上午 org.apache.catalina.core.StandardService start
信息: Starting service null
五月 06, 2012 11:04:12 上午 org.apache.catalina.core.StandardEngine start
信息: Starting Servlet Engine: Apache Tomcat/6.0.16
五月 06, 2012 11:04:13 上午 org.apache.catalina.loader.WebappClassLoader validateJarFile
信息: validateJarFile(E:\work\xthinker\B-Cloud\workspace\temp\a9295f35-ff53-4b63-9396-2a0d02cc7e07\WEB-INF\lib\servlet-api.jar) - jar not loaded. See Servlet Spec 2.3, section 9.7.2. Offending class: javax/servlet/Servlet.class
五月 06, 2012 11:04:13 上午 org.apache.catalina.loader.WebappClassLoader validateJarFile
信息: validateJarFile(E:\work\xthinker\B-Cloud\workspace\temp\a9295f35-ff53-4b63-9396-2a0d02cc7e07\WEB-INF\lib\servlet.jar) - jar not loaded. See Servlet Spec 2.3, section 9.7.2. Offending class: javax/servlet/Servlet.class
五月 06, 2012 11:04:50 上午 net.sf.ehcache.distribution.jgroups.JGroupManager <init>
信息: notificationBus.getChannel().getView() is [Albert-Office-27264|1] [Albert-Office-27264, Albert-Office-1561]
五月 06, 2012 11:04:50 上午 net.sf.ehcache.distribution.jgroups.JGroupManager <init>
信息: JGroupManager started. address is Albert-Office-1561
五月 06, 2012 11:04:50 上午 net.sf.ehcache.distribution.jgroups.JGroupsBootstrapCacheLoader acquireCachePeers
信息: Attempting to acquire cache peers for cache appsCache to bootstrap from. Will wait up to 0ms for cache to join cluster.
五月 06, 2012 11:04:51 上午 net.sf.ehcache.distribution.jgroups.JGroupsBootstrapCacheLoader acquireCachePeers
信息: waiting...
五月 06, 2012 11:04:51 上午 org.apache.catalina.realm.JAASRealm setContainer
信息: Set JAAS app name Catalina-00001-1336273452571
五月 06, 2012 11:04:51 上午 org.apache.catalina.core.StandardEngine start
信息: Starting Servlet Engine: Apache Tomcat/6.0.16
五月 06, 2012 11:04:51 上午 org.apache.catalina.core.ContainerBase start
信息: Container org.apache.catalina.core.ContainerBase.[Catalina-00001-1336273452571] has already been started
五月 06, 2012 11:04:51 上午 org.apache.catalina.connector.Connector initialize
信息: The connector has already been initialized
五月 06, 2012 11:04:51 上午 org.apache.coyote.http11.Http11Protocol start
信息: Starting Coyote HTTP/1.1 on http-29211
五月 06, 2012 11:04:52 上午 net.sf.ehcache.distribution.jgroups.JGroupsBootstrapCacheLoader acquireCachePeers
信息: cache peers: 1
五月 06, 2012 11:04:55 上午 net.sf.ehcache.distribution.jgroups.JGroupsBootstrapCacheLoader doLoad
信息: Bootstrap for cache appsCache has loaded 3 elements
