2012-06-18 15:23:20,767 [debug:203] [main] - sysLoaderString=com.xt.gt.sys.loader.CommandLineSystemLoader
2012-06-27 07:59:28,256 [debug:203] [main] - sysLoaderString=com.xt.gt.sys.loader.CommandLineSystemLoader
2012-06-27 07:59:29,566 [debug:203] [Starter.workingThread] - createObjectWithCglib...........=java.lang.Class@eb3f66[annotationType=<null>]
2012-06-27 08:03:56,139 [debug:203] [main] - sysLoaderString=com.xt.gt.sys.loader.CommandLineSystemLoader
2012-06-27 08:03:56,665 [debug:203] [Starter.workingThread] - createObjectWithCglib...........=java.lang.Class@29626a[annotationType=<null>]
2012-06-27 08:06:35,520 [debug:203] [main] - sysLoaderString=com.xt.gt.sys.loader.CommandLineSystemLoader
2012-06-27 08:06:36,101 [debug:203] [Starter.workingThread] - createObjectWithCglib...........=java.lang.Class@e9581b[annotationType=<null>]
2012-06-27 22:47:27,272 [debug:203] [main] - sysLoaderString=com.xt.gt.sys.loader.CommandLineSystemLoader
2012-06-27 22:47:28,199 [debug:203] [Starter.workingThread] - createObjectWithCglib...........=java.lang.Class@1330af4[annotationType=<null>]
2012-06-27 23:21:02,447 [debug:203] [main] - sysLoaderString=com.xt.gt.sys.loader.CommandLineSystemLoader
2012-06-27 23:23:21,896 [debug:203] [main] - sysLoaderString=com.xt.gt.sys.loader.CommandLineSystemLoader
2012-06-27 23:23:24,753 [debug:203] [Starter.workingThread] - createObjectWithCglib...........=java.lang.Class@159df6c[annotationType=<null>]
2012-06-27 23:24:44,171 [debug:203] [NioProcessor-2] - createObjectWithCglib...........=java.lang.Class@159df6c[annotationType=<null>]
2012-06-27 23:24:46,242 [debug:203] [NioProcessor-2] - createObjectWithCglib...........=java.lang.Class@16c50af[annotationType=<null>]
2012-06-27 23:37:40,023 [debug:203] [main] - sysLoaderString=com.xt.gt.sys.loader.CommandLineSystemLoader
2012-06-27 23:37:42,932 [debug:203] [Starter.workingThread] - createObjectWithCglib...........=java.lang.Class@91d863[annotationType=<null>]
2012-06-27 23:37:58,976 [debug:203] [NioProcessor-2] - createObjectWithCglib...........=java.lang.Class@91d863[annotationType=<null>]
2012-06-27 23:38:05,418 [debug:203] [NioProcessor-2] - createObjectWithCglib...........=java.lang.Class@ef87ba[annotationType=<null>]
2012-06-27 23:48:59,464 [debug:203] [main] - sysLoaderString=com.xt.gt.sys.loader.CommandLineSystemLoader
2012-06-27 23:49:02,401 [debug:203] [Starter.workingThread] - createObjectWithCglib...........=java.lang.Class@91d863[annotationType=<null>]
2012-06-27 23:49:25,274 [debug:203] [NioProcessor-2] - createObjectWithCglib...........=java.lang.Class@91d863[annotationType=<null>]
2012-06-27 23:49:36,689 [debug:203] [NioProcessor-2] - createObjectWithCglib...........=java.lang.Class@bfa9d6[annotationType=<null>]
2012-06-27 23:54:36,697 [debug:203] [main] - sysLoaderString=com.xt.gt.sys.loader.CommandLineSystemLoader
2012-06-27 23:54:39,477 [debug:203] [main] - createObjectWithCglib...........=java.lang.Class@105f759[annotationType=<null>]
2012-07-01 12:46:23,524 [debug:203] [main] - sysLoaderString=com.xt.gt.sys.loader.CommandLineSystemLoader
2012-07-01 12:48:34,309 [debug:203] [main] - sysLoaderString=com.xt.gt.sys.loader.CommandLineSystemLoader
2012-07-01 12:48:38,218 [debug:203] [Starter.workingThread] - createObjectWithCglib...........=java.lang.Class@6b258d[annotationType=<null>]
2012-07-01 12:51:11,491 [debug:203] [main] - sysLoaderString=com.xt.gt.sys.loader.CommandLineSystemLoader
2012-07-01 12:51:15,222 [debug:203] [Starter.workingThread] - createObjectWithCglib...........=java.lang.Class@159df6c[annotationType=<null>]
2012-07-01 12:52:09,109 [debug:203] [NioProcessor-2] - createObjectWithCglib...........=java.lang.Class@159df6c[annotationType=<null>]
2012-07-01 12:52:12,274 [debug:203] [NioProcessor-2] - createObjectWithCglib...........=java.lang.Class@13da08[annotationType=<null>]
2012-07-01 12:55:45,033 [debug:203] [main] - sysLoaderString=com.xt.gt.sys.loader.CommandLineSystemLoader
2012-07-01 12:55:48,863 [debug:203] [Starter.workingThread] - createObjectWithCglib...........=java.lang.Class@a0d37f[annotationType=<null>]
2012-07-01 12:56:37,949 [debug:203] [NioProcessor-2] - createObjectWithCglib...........=java.lang.Class@a0d37f[annotationType=<null>]
2012-07-01 12:56:41,120 [debug:203] [NioProcessor-2] - createObjectWithCglib...........=java.lang.Class@237817[annotationType=<null>]
2012-07-01 12:57:43,341 [debug:203] [main] - sysLoaderString=com.xt.gt.sys.loader.CommandLineSystemLoader
2012-07-01 12:57:47,024 [debug:203] [Starter.workingThread] - createObjectWithCglib...........=java.lang.Class@a0d37f[annotationType=<null>]
2012-07-01 13:10:25,557 [debug:203] [main] - sysLoaderString=com.xt.gt.sys.loader.CommandLineSystemLoader
2012-07-01 13:10:29,528 [debug:203] [Starter.workingThread] - createObjectWithCglib...........=java.lang.Class@9d74b8[annotationType=<null>]
2012-07-01 13:11:23,847 [debug:203] [NioProcessor-2] - createObjectWithCglib...........=java.lang.Class@9d74b8[annotationType=<null>]
2012-07-01 13:11:27,108 [debug:203] [NioProcessor-2] - createObjectWithCglib...........=java.lang.Class@b4e53a[annotationType=<null>]
2012-07-01 16:02:23,042 [debug:203] [main] - sysLoaderString=com.xt.gt.sys.loader.CommandLineSystemLoader
2012-07-01 16:02:24,245 [debug:203] [Starter.workingThread] - createObjectWithCglib...........=java.lang.Class@a21c07[annotationType=<null>]
2012-07-01 16:03:06,066 [debug:203] [NioProcessor-2] - createObjectWithCglib...........=java.lang.Class@a21c07[annotationType=<null>]
2012-07-01 16:03:06,076 [debug:203] [NioProcessor-2] - createObjectWithCglib...........=java.lang.Class@17a07ac[annotationType=<null>]
2012-07-01 16:06:42,247 [debug:203] [NioProcessor-3] - createObjectWithCglib...........=java.lang.Class@164fe95[annotationType=<null>]
2012-07-01 16:06:47,964 [debug:203] [NioProcessor-3] - createObjectWithCglib...........=java.lang.Class@164fe95[annotationType=<null>]
2012-07-01 16:15:28,328 [debug:203] [main] - sysLoaderString=com.xt.gt.sys.loader.CommandLineSystemLoader
2012-07-01 16:15:29,237 [debug:203] [Starter.workingThread] - createObjectWithCglib...........=java.lang.Class@178820c[annotationType=<null>]
2012-07-01 16:15:49,716 [debug:203] [NioProcessor-2] - createObjectWithCglib...........=java.lang.Class@178820c[annotationType=<null>]
2012-07-01 16:15:49,721 [debug:203] [NioProcessor-2] - createObjectWithCglib...........=java.lang.Class@15c9cb8[annotationType=<null>]
2012-07-01 16:16:09,107 [debug:203] [NioProcessor-2] - createObjectWithCglib...........=java.lang.Class@119b06e[annotationType=<null>]
2012-07-01 16:16:16,758 [debug:203] [NioProcessor-2] - createObjectWithCglib...........=java.lang.Class@119b06e[annotationType=<null>]
2012-07-02 07:21:10,112 [debug:203] [main] - sysLoaderString=com.xt.gt.sys.loader.CommandLineSystemLoader
2012-07-02 07:21:14,654 [debug:203] [Starter.workingThread] - createObjectWithCglib...........=java.lang.Class@159df6c[annotationType=<null>]
2012-07-02 07:21:56,987 [debug:203] [NioProcessor-2] - createObjectWithCglib...........=java.lang.Class@159df6c[annotationType=<null>]
2012-07-02 07:21:57,143 [debug:203] [NioProcessor-2] - createObjectWithCglib...........=java.lang.Class@128cbd3[annotationType=<null>]
2012-07-02 09:51:19,613 [debug:203] [main] - sysLoaderString=com.xt.gt.sys.loader.CommandLineSystemLoader
2012-07-02 09:51:20,844 [debug:203] [Starter.workingThread] - createObjectWithCglib...........=java.lang.Class@1e775bc[annotationType=<null>]
2012-07-02 09:53:36,008 [debug:203] [NioProcessor-2] - createObjectWithCglib...........=java.lang.Class@1e775bc[annotationType=<null>]
2012-07-02 09:53:36,017 [debug:203] [NioProcessor-2] - createObjectWithCglib...........=java.lang.Class@d48578[annotationType=<null>]
2012-07-02 09:54:05,614 [debug:203] [NioProcessor-2] - createObjectWithCglib...........=java.lang.Class@1b9b1ed[annotationType=<null>]
2012-07-02 09:54:38,458 [debug:203] [NioProcessor-1] - createObjectWithCglib...........=java.lang.Class@1b9b1ed[annotationType=<null>]
2012-07-02 10:14:28,687 [debug:203] [main] - sysLoaderString=com.xt.gt.sys.loader.CommandLineSystemLoader
2012-07-02 10:14:29,621 [debug:203] [Starter.workingThread] - createObjectWithCglib...........=java.lang.Class@178820c[annotationType=<null>]
2012-07-02 10:14:54,171 [debug:203] [NioProcessor-2] - createObjectWithCglib...........=java.lang.Class@178820c[annotationType=<null>]
2012-07-02 10:14:54,178 [debug:203] [NioProcessor-2] - createObjectWithCglib...........=java.lang.Class@18e905[annotationType=<null>]
2012-07-02 10:15:13,814 [debug:203] [NioProcessor-2] - createObjectWithCglib...........=java.lang.Class@18dbaa6[annotationType=<null>]
2012-07-02 14:23:37,830 [debug:203] [main] - sysLoaderString=com.xt.gt.sys.loader.CommandLineSystemLoader
2012-07-02 14:23:38,733 [debug:203] [Starter.workingThread] - createObjectWithCglib...........=java.lang.Class@a21c07[annotationType=<null>]
2012-07-02 14:23:40,983 [debug:203] [Timer-1] - createObjectWithCglib...........=java.lang.Class@199ecd5[annotationType=<null>]
2012-07-02 14:24:29,357 [debug:203] [NioProcessor-2] - createObjectWithCglib...........=java.lang.Class@a21c07[annotationType=<null>]
2012-07-02 14:24:29,363 [debug:203] [NioProcessor-2] - createObjectWithCglib...........=java.lang.Class@6f4522[annotationType=<null>]
2012-07-02 16:10:46,888 [debug:203] [NioProcessor-2] - createObjectWithCglib...........=java.lang.Class@199ecd5[annotationType=<null>]
2012-07-02 16:46:46,119 [debug:203] [main] - sysLoaderString=com.xt.gt.sys.loader.CommandLineSystemLoader
2012-07-02 16:47:56,139 [debug:203] [main] - sysLoaderString=com.xt.gt.sys.loader.CommandLineSystemLoader
2012-07-02 16:47:56,874 [debug:203] [Starter.workingThread] - createObjectWithCglib...........=java.lang.Class@a21c07[annotationType=<null>]
2012-07-02 16:47:58,304 [debug:203] [Timer-1] - createObjectWithCglib...........=java.lang.Class@1429763[annotationType=<null>]
2012-07-02 16:47:59,670 [debug:203] [Timer-1] - createObjectWithCglib...........=java.lang.Class@1429763[annotationType=<null>]
2012-07-02 16:48:41,112 [debug:203] [NioProcessor-2] - createObjectWithCglib...........=java.lang.Class@a21c07[annotationType=<null>]
2012-07-02 16:48:41,117 [debug:203] [NioProcessor-2] - createObjectWithCglib...........=java.lang.Class@8468b1[annotationType=<null>]
2012-07-02 16:50:53,963 [debug:203] [NioProcessor-3] - createObjectWithCglib...........=java.lang.Class@1429763[annotationType=<null>]
2012-07-03 18:39:42,078 [debug:203] [main] - sysLoaderString=com.xt.gt.sys.loader.CommandLineSystemLoader
2012-07-03 18:39:45,457 [debug:203] [Starter.workingThread] - createObjectWithCglib...........=java.lang.Class@15b5219[annotationType=<null>]
2012-07-03 18:39:47,575 [debug:203] [Timer-1] - createObjectWithCglib...........=java.lang.Class@e0f56f[annotationType=<null>]
2012-07-03 18:40:08,841 [debug:203] [Timer-1] - createObjectWithCglib...........=java.lang.Class@e0f56f[annotationType=<null>]
2012-07-03 18:40:29,925 [debug:203] [Timer-1] - createObjectWithCglib...........=java.lang.Class@e0f56f[annotationType=<null>]
2012-07-03 18:42:49,042 [debug:203] [NioProcessor-2] - createObjectWithCglib...........=java.lang.Class@15b5219[annotationType=<null>]
2012-07-03 18:42:51,120 [debug:203] [NioProcessor-2] - createObjectWithCglib...........=java.lang.Class@1d18aab[annotationType=<null>]
2012-07-05 15:22:10,640 [debug:203] [main] - sysLoaderString=com.xt.gt.sys.loader.CommandLineSystemLoader
2012-07-05 15:22:11,623 [debug:203] [Starter.workingThread] - createObjectWithCglib...........=java.lang.Class@de1f47[annotationType=<null>]
2012-07-05 15:22:13,828 [debug:203] [Timer-1] - createObjectWithCglib...........=java.lang.Class@14c6171[annotationType=<null>]
2012-07-05 15:22:15,290 [debug:203] [Timer-1] - createObjectWithCglib...........=java.lang.Class@14c6171[annotationType=<null>]
2012-07-05 15:22:16,408 [debug:203] [Timer-1] - createObjectWithCglib...........=java.lang.Class@14c6171[annotationType=<null>]
2012-07-05 15:26:12,532 [debug:203] [NioProcessor-2] - createObjectWithCglib...........=java.lang.Class@de1f47[annotationType=<null>]
2012-07-05 15:26:12,536 [debug:203] [NioProcessor-2] - createObjectWithCglib...........=java.lang.Class@1cc042f[annotationType=<null>]
2012-07-05 15:26:39,529 [debug:203] [NioProcessor-2] - createObjectWithCglib...........=java.lang.Class@14c6171[annotationType=<null>]
